{"numTotalTestSuites":156,"numPassedTestSuites":141,"numFailedTestSuites":15,"numPendingTestSuites":0,"numTotalTests":480,"numPassedTests":317,"numFailedTests":13,"numPendingTests":150,"numTodoTests":0,"snapshot":{"added":0,"failure":false,"filesAdded":0,"filesRemoved":0,"filesRemovedList":[],"filesUnmatched":0,"filesUpdated":0,"matched":0,"total":0,"unchecked":0,"uncheckedKeysByFile":[],"unmatched":0,"updated":0,"didUpdate":false},"startTime":1788104800876,"success":false,"testResults":[{"assertionResults":[{"ancestorTitles":["GET /admin/me"],"fullName":"GET /admin/me returns 401 without authentication","status":"skipped","title":"returns 401 without authentication","failureMessages":[],"meta":{},"tags":[]},{"ancestorTitles":["GET /admin/me"],"fullName":"GET /admin/me returns 401 with an invalid token","status":"skipped","title":"returns 401 with an invalid token","failureMessages":[],"meta":{},"tags":[]},{"ancestorTitles":["GET /admin/me"],"fullName":"GET /admin/me returns 403 for a customer with no backend roles","status":"skipped","title":"returns 403 for a customer with no backend roles","failureMessages":[],"meta":{},"tags":[]},{"ancestorTitles":["GET /admin/me"],"fullName":"GET /admin/me returns identity + roles for a user with backend_read","status":"skipped","title":"returns identity + roles for a user with backend_read","failureMessages":[],"meta":{},"tags":[]},{"ancestorTitles":["GET /admin/me"],"fullName":"GET /admin/me returns identity + all roles for full admin","status":"skipped","title":"returns identity + all roles for full admin","failureMessages":[],"meta":{},"tags":[]},{"ancestorTitles":["GET /admin/me"],"fullName":"GET /admin/me returns roles for backend_write user","status":"skipped","title":"returns roles for backend_write user","failureMessages":[],"meta":{},"tags":[]},{"ancestorTitles":["RBAC — Customer (no backend roles)"],"fullName":"RBAC — Customer (no backend roles) customer cannot access /admin/products","status":"skipped","title":"customer cannot access /admin/products","failureMessages":[],"meta":{},"tags":[]},{"ancestorTitles":["RBAC — Customer (no backend roles)"],"fullName":"RBAC — Customer (no backend roles) customer cannot access /admin/categories","status":"skipped","title":"customer cannot access /admin/categories","failureMessages":[],"meta":{},"tags":[]},{"ancestorTitles":["RBAC — Customer (no backend roles)"],"fullName":"RBAC — Customer (no backend roles) unauthenticated access returns 401","status":"skipped","title":"unauthenticated access returns 401","failureMessages":[],"meta":{},"tags":[]},{"ancestorTitles":["RBAC — backend_read"],"fullName":"RBAC — backend_read can GET /admin/products","status":"skipped","title":"can GET /admin/products","failureMessages":[],"meta":{},"tags":[]},{"ancestorTitles":["RBAC — backend_read"],"fullName":"RBAC — backend_read can GET /admin/categories","status":"skipped","title":"can GET /admin/categories","failureMessages":[],"meta":{},"tags":[]},{"ancestorTitles":["RBAC — backend_read"],"fullName":"RBAC — backend_read can GET /admin/categories/:id","status":"skipped","title":"can GET /admin/categories/:id","failureMessages":[],"meta":{},"tags":[]},{"ancestorTitles":["RBAC — backend_read"],"fullName":"RBAC — backend_read can GET /admin/products/:id","status":"skipped","title":"can GET /admin/products/:id","failureMessages":[],"meta":{},"tags":[]},{"ancestorTitles":["RBAC — backend_read"],"fullName":"RBAC — backend_read can GET /admin/products/:slug/inventory","status":"skipped","title":"can GET /admin/products/:slug/inventory","failureMessages":[],"meta":{},"tags":[]},{"ancestorTitles":["RBAC — backend_read"],"fullName":"RBAC — backend_read can GET /admin/products/:slug/price","status":"skipped","title":"can GET /admin/products/:slug/price","failureMessages":[],"meta":{},"tags":[]},{"ancestorTitles":["RBAC — backend_read"],"fullName":"RBAC — backend_read can GET /admin/audit","status":"skipped","title":"can GET /admin/audit","failureMessages":[],"meta":{},"tags":[]},{"ancestorTitles":["RBAC — backend_read"],"fullName":"RBAC — backend_read can GET /admin/analytics/summary","status":"skipped","title":"can GET /admin/analytics/summary","failureMessages":[],"meta":{},"tags":[]},{"ancestorTitles":["RBAC — backend_read"],"fullName":"RBAC — backend_read cannot CREATE a category (backend_read only)","status":"skipped","title":"cannot CREATE a category (backend_read only)","failureMessages":[],"meta":{},"tags":[]},{"ancestorTitles":["RBAC — backend_read"],"fullName":"RBAC — backend_read cannot CREATE a product (backend_read only)","status":"skipped","title":"cannot CREATE a product (backend_read only)","failureMessages":[],"meta":{},"tags":[]},{"ancestorTitles":["RBAC — backend_read"],"fullName":"RBAC — backend_read cannot UPDATE a product (backend_read only)","status":"skipped","title":"cannot UPDATE a product (backend_read only)","failureMessages":[],"meta":{},"tags":[]},{"ancestorTitles":["RBAC — backend_read"],"fullName":"RBAC — backend_read cannot change product status","status":"skipped","title":"cannot change product status","failureMessages":[],"meta":{},"tags":[]},{"ancestorTitles":["RBAC — backend_read"],"fullName":"RBAC — backend_read cannot set inventory","status":"skipped","title":"cannot set inventory","failureMessages":[],"meta":{},"tags":[]},{"ancestorTitles":["RBAC — backend_write"],"fullName":"RBAC — backend_write can CREATE a category","status":"skipped","title":"can CREATE a category","failureMessages":[],"meta":{},"tags":[]},{"ancestorTitles":["RBAC — backend_write"],"fullName":"RBAC — backend_write can UPDATE a category","status":"skipped","title":"can UPDATE a category","failureMessages":[],"meta":{},"tags":[]},{"ancestorTitles":["RBAC — backend_write"],"fullName":"RBAC — backend_write can CREATE a product","status":"skipped","title":"can CREATE a product","failureMessages":[],"meta":{},"tags":[]},{"ancestorTitles":["RBAC — backend_write"],"fullName":"RBAC — backend_write can UPDATE a product","status":"skipped","title":"can UPDATE a product","failureMessages":[],"meta":{},"tags":[]},{"ancestorTitles":["RBAC — backend_write"],"fullName":"RBAC — backend_write can publish/unpublish product status","status":"skipped","title":"can publish/unpublish product status","failureMessages":[],"meta":{},"tags":[]},{"ancestorTitles":["RBAC — backend_write"],"fullName":"RBAC — backend_write can set inventory","status":"skipped","title":"can set inventory","failureMessages":[],"meta":{},"tags":[]},{"ancestorTitles":["RBAC — backend_write"],"fullName":"RBAC — backend_write can set price","status":"skipped","title":"can set price","failureMessages":[],"meta":{},"tags":[]},{"ancestorTitles":["RBAC — backend_write"],"fullName":"RBAC — backend_write cannot access user management","status":"skipped","title":"cannot access user management","failureMessages":[],"meta":{},"tags":[]},{"ancestorTitles":["RBAC — backend_write"],"fullName":"RBAC — backend_write cannot view backend user details","status":"skipped","title":"cannot view backend user details","failureMessages":[],"meta":{},"tags":[]},{"ancestorTitles":["RBAC — Product/Category hard-delete unavailable"],"fullName":"RBAC — Product/Category hard-delete unavailable DELETE /admin/products/:id returns 404 (route removed)","status":"skipped","title":"DELETE /admin/products/:id returns 404 (route removed)","failureMessages":[],"meta":{},"tags":[]},{"ancestorTitles":["RBAC — Product/Category hard-delete unavailable"],"fullName":"RBAC — Product/Category hard-delete unavailable DELETE /admin/categories/:id returns 404 (route removed)","status":"skipped","title":"DELETE /admin/categories/:id returns 404 (route removed)","failureMessages":[],"meta":{},"tags":[]},{"ancestorTitles":["RBAC — user_management"],"fullName":"RBAC — user_management full admin can list backend users","status":"skipped","title":"full admin can list backend users","failureMessages":[],"meta":{},"tags":[]},{"ancestorTitles":["RBAC — user_management"],"fullName":"RBAC — user_management can filter users by role","status":"skipped","title":"can filter users by role","failureMessages":[],"meta":{},"tags":[]},{"ancestorTitles":["RBAC — user_management"],"fullName":"RBAC — user_management rejects invalid role filter","status":"skipped","title":"rejects invalid role filter","failureMessages":[],"meta":{},"tags":[]},{"ancestorTitles":["RBAC — user_management"],"fullName":"RBAC — user_management can view backend user details","status":"skipped","title":"can view backend user details","failureMessages":[],"meta":{},"tags":[]},{"ancestorTitles":["RBAC — user_management"],"fullName":"RBAC — user_management can create a backend user with roles","status":"skipped","title":"can create a backend user with roles","failureMessages":[],"meta":{},"tags":[]},{"ancestorTitles":["RBAC — user_management"],"fullName":"RBAC — user_management rejects creating user with unknown role","status":"skipped","title":"rejects creating user with unknown role","failureMessages":[],"meta":{},"tags":[]},{"ancestorTitles":["RBAC — user_management"],"fullName":"RBAC — user_management rejects creating user without roles","status":"skipped","title":"rejects creating user without roles","failureMessages":[],"meta":{},"tags":[]},{"ancestorTitles":["RBAC — user_management"],"fullName":"RBAC — user_management can assign/change roles","status":"skipped","title":"can assign/change roles","failureMessages":[],"meta":{},"tags":[]},{"ancestorTitles":["RBAC — user_management"],"fullName":"RBAC — user_management role changes take effect immediately","status":"skipped","title":"role changes take effect immediately","failureMessages":[],"meta":{},"tags":[]},{"ancestorTitles":["RBAC — user_management"],"fullName":"RBAC — user_management prevents removing last user_management role","status":"skipped","title":"prevents removing last user_management role","failureMessages":[],"meta":{},"tags":[]},{"ancestorTitles":["RBAC — Public registration cannot self-elevate"],"fullName":"RBAC — Public registration cannot self-elevate register creates a normal customer (no roles)","status":"skipped","title":"register creates a normal customer (no roles)","failureMessages":[],"meta":{},"tags":[]},{"ancestorTitles":["RBAC — Full admin can access all endpoints"],"fullName":"RBAC — Full admin can access all endpoints can GET /admin/products","status":"skipped","title":"can GET /admin/products","failureMessages":[],"meta":{},"tags":[]},{"ancestorTitles":["RBAC — Full admin can access all endpoints"],"fullName":"RBAC — Full admin can access all endpoints can create and read categories","status":"skipped","title":"can create and read categories","failureMessages":[],"meta":{},"tags":[]},{"ancestorTitles":["RBAC — Full admin can access all endpoints"],"fullName":"RBAC — Full admin can access all endpoints can read audit log","status":"skipped","title":"can read audit log","failureMessages":[],"meta":{},"tags":[]},{"ancestorTitles":["RBAC — Customer APIs still work for all users"],"fullName":"RBAC — Customer APIs still work for all users customer can access own profile","status":"skipped","title":"customer can access own profile","failureMessages":[],"meta":{},"tags":[]},{"ancestorTitles":["RBAC — Customer APIs still work for all users"],"fullName":"RBAC — Customer APIs still work for all users customer can access public catalog","status":"skipped","title":"customer can access public catalog","failureMessages":[],"meta":{},"tags":[]},{"ancestorTitles":["RBAC — Customer APIs still work for all users"],"fullName":"RBAC — Customer APIs still work for all users full admin can still use customer APIs","status":"skipped","title":"full admin can still use customer APIs","failureMessages":[],"meta":{},"tags":[]}],"startTime":1788104800876,"endTime":1788104800876,"status":"failed","message":"expected 200 \"OK\", got 401 \"Unauthorized\"","name":"C:/Users/deept/Documents/ecommerce-project/mercury/src/__tests__/admin.test.ts"},{"assertionResults":[{"ancestorTitles":["Audit log access (audit-1, audit-2, audit-3)"],"fullName":"Audit log access (audit-1, audit-2, audit-3) rejects unauthenticated audit access","status":"passed","title":"rejects unauthenticated audit access","duration":6.748299999999972,"failureMessages":[],"meta":{},"tags":[]},{"ancestorTitles":["Audit log access (audit-1, audit-2, audit-3)"],"fullName":"Audit log access (audit-1, audit-2, audit-3) rejects ordinary user audit access","status":"passed","title":"rejects ordinary user audit access","duration":6.60349999999994,"failureMessages":[],"meta":{},"tags":[]},{"ancestorTitles":["Audit log access (audit-1, audit-2, audit-3)"],"fullName":"Audit log access (audit-1, audit-2, audit-3) allows admin audit access","status":"passed","title":"allows admin audit access","duration":7.016000000000076,"failureMessages":[],"meta":{},"tags":[]},{"ancestorTitles":["Analytics access (analytics-1, analytics-2, analytics-3)"],"fullName":"Analytics access (analytics-1, analytics-2, analytics-3) rejects unauthenticated analytics access","status":"passed","title":"rejects unauthenticated analytics access","duration":3.537499999999909,"failureMessages":[],"meta":{},"tags":[]},{"ancestorTitles":["Analytics access (analytics-1, analytics-2, analytics-3)"],"fullName":"Analytics access (analytics-1, analytics-2, analytics-3) rejects ordinary user analytics access","status":"passed","title":"rejects ordinary user analytics access","duration":4.488399999999956,"failureMessages":[],"meta":{},"tags":[]},{"ancestorTitles":["Analytics access (analytics-1, analytics-2, analytics-3)"],"fullName":"Analytics access (analytics-1, analytics-2, analytics-3) allows admin analytics access","status":"passed","title":"allows admin analytics access","duration":8.702399999999898,"failureMessages":[],"meta":{},"tags":[]},{"ancestorTitles":["Audit recording (audit-4 to audit-8)"],"fullName":"Audit recording (audit-4 to audit-8) audits category creation (audit-4)","status":"passed","title":"audits category creation (audit-4)","duration":78.47839999999997,"failureMessages":[],"meta":{},"tags":[]},{"ancestorTitles":["Audit recording (audit-4 to audit-8)"],"fullName":"Audit recording (audit-4 to audit-8) audits category update (audit-5)","status":"passed","title":"audits category update (audit-5)","duration":15.59960000000001,"failureMessages":[],"meta":{},"tags":[]},{"ancestorTitles":["Audit recording (audit-4 to audit-8)"],"fullName":"Audit recording (audit-4 to audit-8) audits product creation (audit-4)","status":"passed","title":"audits product creation (audit-4)","duration":21.844700000000103,"failureMessages":[],"meta":{},"tags":[]},{"ancestorTitles":["Audit recording (audit-4 to audit-8)"],"fullName":"Audit recording (audit-4 to audit-8) audits product status change (audit-4)","status":"passed","title":"audits product status change (audit-4)","duration":26.915700000000015,"failureMessages":[],"meta":{},"tags":[]},{"ancestorTitles":["Audit recording (audit-4 to audit-8)"],"fullName":"Audit recording (audit-4 to audit-8) audits inventory change (audit-4)","status":"passed","title":"audits inventory change (audit-4)","duration":14.748199999999997,"failureMessages":[],"meta":{},"tags":[]},{"ancestorTitles":["Audit recording (audit-4 to audit-8)"],"fullName":"Audit recording (audit-4 to audit-8) audits price change (audit-4)","status":"passed","title":"audits price change (audit-4)","duration":14.393100000000004,"failureMessages":[],"meta":{},"tags":[]},{"ancestorTitles":["Audit recording (audit-4 to audit-8)"],"fullName":"Audit recording (audit-4 to audit-8) audit records show actor identity (audit-5)","status":"passed","title":"audit records show actor identity (audit-5)","duration":4.9728999999999814,"failureMessages":[],"meta":{},"tags":[]},{"ancestorTitles":["Audit recording (audit-4 to audit-8)"],"fullName":"Audit recording (audit-4 to audit-8) audit log does not contain secrets (audit-6)","status":"passed","title":"audit log does not contain secrets (audit-6)","duration":5.218299999999999,"failureMessages":[],"meta":{},"tags":[]},{"ancestorTitles":["Audit recording (audit-4 to audit-8)"],"fullName":"Audit recording (audit-4 to audit-8) audit pagination works","status":"passed","title":"audit pagination works","duration":10.141300000000001,"failureMessages":[],"meta":{},"tags":[]},{"ancestorTitles":["Audit recording (audit-4 to audit-8)"],"fullName":"Audit recording (audit-4 to audit-8) audit filter by action works","status":"passed","title":"audit filter by action works","duration":4.767500000000155,"failureMessages":[],"meta":{},"tags":[]},{"ancestorTitles":["Summary analytics (analytics-4, analytics-5)"],"fullName":"Summary analytics (analytics-4, analytics-5) returns order statistics","status":"passed","title":"returns order statistics","duration":6.628099999999904,"failureMessages":[],"meta":{},"tags":[]},{"ancestorTitles":["Summary analytics (analytics-4, analytics-5)"],"fullName":"Summary analytics (analytics-4, analytics-5) returns payment breakdown","status":"passed","title":"returns payment breakdown","duration":6.096499999999878,"failureMessages":[],"meta":{},"tags":[]},{"ancestorTitles":["Summary analytics (analytics-4, analytics-5)"],"fullName":"Summary analytics (analytics-4, analytics-5) returns user counts","status":"passed","title":"returns user counts","duration":6.160499999999956,"failureMessages":[],"meta":{},"tags":[]},{"ancestorTitles":["Summary analytics (analytics-4, analytics-5)"],"fullName":"Summary analytics (analytics-4, analytics-5) returns product counts by status","status":"passed","title":"returns product counts by status","duration":7.419699999999921,"failureMessages":[],"meta":{},"tags":[]},{"ancestorTitles":["Summary analytics (analytics-4, analytics-5)"],"fullName":"Summary analytics (analytics-4, analytics-5) returns revenue data (analytics-5)","status":"passed","title":"returns revenue data (analytics-5)","duration":6.9150999999999385,"failureMessages":[],"meta":{},"tags":[]},{"ancestorTitles":["Order analytics (analytics-5)"],"fullName":"Order analytics (analytics-5) lists orders with pagination","status":"passed","title":"lists orders with pagination","duration":4.839999999999918,"failureMessages":[],"meta":{},"tags":[]},{"ancestorTitles":["Order analytics (analytics-5)"],"fullName":"Order analytics (analytics-5) filters orders by status","status":"passed","title":"filters orders by status","duration":3.6902000000000044,"failureMessages":[],"meta":{},"tags":[]},{"ancestorTitles":["Revenue analytics (analytics-5)"],"fullName":"Revenue analytics (analytics-5) returns completed revenue and breakdown","status":"passed","title":"returns completed revenue and breakdown","duration":4.63169999999991,"failureMessages":[],"meta":{},"tags":[]},{"ancestorTitles":["Product sales analytics (analytics-5)"],"fullName":"Product sales analytics (analytics-5) returns top-selling products","status":"passed","title":"returns top-selling products","duration":4.6095000000000255,"failureMessages":[],"meta":{},"tags":[]},{"ancestorTitles":["Existing admin functionality intact"],"fullName":"Existing admin functionality intact admin can still manage categories","status":"passed","title":"admin can still manage categories","duration":5.455500000000029,"failureMessages":[],"meta":{},"tags":[]},{"ancestorTitles":["Existing admin functionality intact"],"fullName":"Existing admin functionality intact admin can still manage products","status":"passed","title":"admin can still manage products","duration":4.209299999999985,"failureMessages":[],"meta":{},"tags":[]},{"ancestorTitles":["Existing user auth intact"],"fullName":"Existing user auth intact regular user can access own profile","status":"passed","title":"regular user can access own profile","duration":4.074999999999818,"failureMessages":[],"meta":{},"tags":[]},{"ancestorTitles":["Existing user auth intact"],"fullName":"Existing user auth intact health works","status":"passed","title":"health works","duration":2.1467999999999847,"failureMessages":[],"meta":{},"tags":[]}],"startTime":1788104829490,"endTime":1788104829792.1467,"status":"passed","message":"","name":"C:/Users/deept/Documents/ecommerce-project/mercury/src/__tests__/audit-analytics.test.ts"},{"assertionResults":[{"ancestorTitles":["POST /auth/register"],"fullName":"POST /auth/register returns 201 with tokens for valid registration","status":"passed","title":"returns 201 with tokens for valid registration","duration":285.4829,"failureMessages":[],"meta":{},"tags":[]},{"ancestorTitles":["POST /auth/register"],"fullName":"POST /auth/register returns 409 for duplicate email","status":"passed","title":"returns 409 for duplicate email","duration":174.40629999999987,"failureMessages":[],"meta":{},"tags":[]},{"ancestorTitles":["POST /auth/register"],"fullName":"POST /auth/register returns 400 when email is missing","status":"passed","title":"returns 400 when email is missing","duration":3.156199999999899,"failureMessages":[],"meta":{},"tags":[]},{"ancestorTitles":["POST /auth/register"],"fullName":"POST /auth/register returns 400 when password is missing","status":"passed","title":"returns 400 when password is missing","duration":2.8780000000001564,"failureMessages":[],"meta":{},"tags":[]},{"ancestorTitles":["POST /auth/register"],"fullName":"POST /auth/register returns 400 when email is not a string","status":"passed","title":"returns 400 when email is not a string","duration":2.6130000000000564,"failureMessages":[],"meta":{},"tags":[]},{"ancestorTitles":["POST /auth/login"],"fullName":"POST /auth/login returns 200 with tokens for valid credentials","status":"failed","title":"returns 200 with tokens for valid credentials","duration":175.1169,"failureMessages":["Error: expected 200 \"OK\", got 500 \"Internal Server Error\"\n    at C:/Users/deept/Documents/ecommerce-project/mercury/src/__tests__/auth.test.ts:112:8\n    at file:///C:/Users/deept/Documents/ecommerce-project/mercury/node_modules/.pnpm/@vitest+runner@4.1.11/node_modules/@vitest/runner/dist/chunk-artifact.js:302:11\n    at file:///C:/Users/deept/Documents/ecommerce-project/mercury/node_modules/.pnpm/@vitest+runner@4.1.11/node_modules/@vitest/runner/dist/chunk-artifact.js:1903:26\n    at file:///C:/Users/deept/Documents/ecommerce-project/mercury/node_modules/.pnpm/@vitest+runner@4.1.11/node_modules/@vitest/runner/dist/chunk-artifact.js:2326:20\n    at new Promise (<anonymous>)\n    at runWithCancel (file:///C:/Users/deept/Documents/ecommerce-project/mercury/node_modules/.pnpm/@vitest+runner@4.1.11/node_modules/@vitest/runner/dist/chunk-artifact.js:2323:10)\n    at file:///C:/Users/deept/Documents/ecommerce-project/mercury/node_modules/.pnpm/@vitest+runner@4.1.11/node_modules/@vitest/runner/dist/chunk-artifact.js:2305:20\n    at new Promise (<anonymous>)\n----\n    at Test._assertStatus (C:\\Users\\deept\\Documents\\ecommerce-project\\mercury\\node_modules\\.pnpm\\supertest@7.2.2\\node_modules\\supertest\\lib\\test.js:309:14)\n    at C:\\Users\\deept\\Documents\\ecommerce-project\\mercury\\node_modules\\.pnpm\\supertest@7.2.2\\node_modules\\supertest\\lib\\test.js:365:13\n    at Test._assertFunction (C:\\Users\\deept\\Documents\\ecommerce-project\\mercury\\node_modules\\.pnpm\\supertest@7.2.2\\node_modules\\supertest\\lib\\test.js:342:13)\n    at Test.assert (C:\\Users\\deept\\Documents\\ecommerce-project\\mercury\\node_modules\\.pnpm\\supertest@7.2.2\\node_modules\\supertest\\lib\\test.js:195:23)\n    at localAssert (C:\\Users\\deept\\Documents\\ecommerce-project\\mercury\\node_modules\\.pnpm\\supertest@7.2.2\\node_modules\\supertest\\lib\\test.js:138:14)\n    at Server.<anonymous> (C:\\Users\\deept\\Documents\\ecommerce-project\\mercury\\node_modules\\.pnpm\\supertest@7.2.2\\node_modules\\supertest\\lib\\test.js:152:11)\n    at Object.onceWrapper (node:events:630:28)\n    at Server.emit (node:events:509:28)\n    at emitCloseNT (node:net:2661:8)\n    at processTicksAndRejections (node:internal/process/task_queues:89:21)"],"meta":{},"tags":[]},{"ancestorTitles":["POST /auth/login"],"fullName":"POST /auth/login returns 401 for unknown email","status":"passed","title":"returns 401 for unknown email","duration":4.440000000000055,"failureMessages":[],"meta":{},"tags":[]},{"ancestorTitles":["POST /auth/login"],"fullName":"POST /auth/login returns 401 for incorrect password","status":"passed","title":"returns 401 for incorrect password","duration":3.6274000000000797,"failureMessages":[],"meta":{},"tags":[]},{"ancestorTitles":["POST /auth/login"],"fullName":"POST /auth/login returns 400 when email is missing","status":"passed","title":"returns 400 when email is missing","duration":2.2817000000000007,"failureMessages":[],"meta":{},"tags":[]},{"ancestorTitles":["POST /auth/login"],"fullName":"POST /auth/login returns 400 when password is missing","status":"passed","title":"returns 400 when password is missing","duration":2.2112999999999374,"failureMessages":[],"meta":{},"tags":[]},{"ancestorTitles":["POST /auth/login"],"fullName":"POST /auth/login returns 400 when email is not a string","status":"passed","title":"returns 400 when email is not a string","duration":1.7835999999999785,"failureMessages":[],"meta":{},"tags":[]},{"ancestorTitles":["POST /auth/login"],"fullName":"POST /auth/login returns 400 when both fields are empty strings","status":"passed","title":"returns 400 when both fields are empty strings","duration":2.139299999999821,"failureMessages":[],"meta":{},"tags":[]},{"ancestorTitles":["POST /auth/refresh"],"fullName":"POST /auth/refresh returns 200 with new tokens for valid refresh token","status":"failed","title":"returns 200 with new tokens for valid refresh token","duration":3.8973000000000866,"failureMessages":["Error: expected 200 \"OK\", got 401 \"Unauthorized\"\n    at C:/Users/deept/Documents/ecommerce-project/mercury/src/__tests__/auth.test.ts:196:8\n    at file:///C:/Users/deept/Documents/ecommerce-project/mercury/node_modules/.pnpm/@vitest+runner@4.1.11/node_modules/@vitest/runner/dist/chunk-artifact.js:302:11\n    at file:///C:/Users/deept/Documents/ecommerce-project/mercury/node_modules/.pnpm/@vitest+runner@4.1.11/node_modules/@vitest/runner/dist/chunk-artifact.js:1903:26\n    at file:///C:/Users/deept/Documents/ecommerce-project/mercury/node_modules/.pnpm/@vitest+runner@4.1.11/node_modules/@vitest/runner/dist/chunk-artifact.js:2326:20\n    at new Promise (<anonymous>)\n    at runWithCancel (file:///C:/Users/deept/Documents/ecommerce-project/mercury/node_modules/.pnpm/@vitest+runner@4.1.11/node_modules/@vitest/runner/dist/chunk-artifact.js:2323:10)\n    at file:///C:/Users/deept/Documents/ecommerce-project/mercury/node_modules/.pnpm/@vitest+runner@4.1.11/node_modules/@vitest/runner/dist/chunk-artifact.js:2305:20\n    at new Promise (<anonymous>)\n----\n    at Test._assertStatus (C:\\Users\\deept\\Documents\\ecommerce-project\\mercury\\node_modules\\.pnpm\\supertest@7.2.2\\node_modules\\supertest\\lib\\test.js:309:14)\n    at C:\\Users\\deept\\Documents\\ecommerce-project\\mercury\\node_modules\\.pnpm\\supertest@7.2.2\\node_modules\\supertest\\lib\\test.js:365:13\n    at Test._assertFunction (C:\\Users\\deept\\Documents\\ecommerce-project\\mercury\\node_modules\\.pnpm\\supertest@7.2.2\\node_modules\\supertest\\lib\\test.js:342:13)\n    at Test.assert (C:\\Users\\deept\\Documents\\ecommerce-project\\mercury\\node_modules\\.pnpm\\supertest@7.2.2\\node_modules\\supertest\\lib\\test.js:195:23)\n    at localAssert (C:\\Users\\deept\\Documents\\ecommerce-project\\mercury\\node_modules\\.pnpm\\supertest@7.2.2\\node_modules\\supertest\\lib\\test.js:138:14)\n    at Server.<anonymous> (C:\\Users\\deept\\Documents\\ecommerce-project\\mercury\\node_modules\\.pnpm\\supertest@7.2.2\\node_modules\\supertest\\lib\\test.js:152:11)\n    at Object.onceWrapper (node:events:630:28)\n    at Server.emit (node:events:509:28)\n    at emitCloseNT (node:net:2661:8)\n    at processTicksAndRejections (node:internal/process/task_queues:89:21)"],"meta":{},"tags":[]},{"ancestorTitles":["POST /auth/refresh"],"fullName":"POST /auth/refresh rejects reuse of an already-rotated refresh token","status":"failed","title":"rejects reuse of an already-rotated refresh token","duration":3.2868999999998323,"failureMessages":["Error: expected 200 \"OK\", got 401 \"Unauthorized\"\n    at C:/Users/deept/Documents/ecommerce-project/mercury/src/__tests__/auth.test.ts:220:8\n    at file:///C:/Users/deept/Documents/ecommerce-project/mercury/node_modules/.pnpm/@vitest+runner@4.1.11/node_modules/@vitest/runner/dist/chunk-artifact.js:302:11\n    at file:///C:/Users/deept/Documents/ecommerce-project/mercury/node_modules/.pnpm/@vitest+runner@4.1.11/node_modules/@vitest/runner/dist/chunk-artifact.js:1903:26\n    at file:///C:/Users/deept/Documents/ecommerce-project/mercury/node_modules/.pnpm/@vitest+runner@4.1.11/node_modules/@vitest/runner/dist/chunk-artifact.js:2326:20\n    at new Promise (<anonymous>)\n    at runWithCancel (file:///C:/Users/deept/Documents/ecommerce-project/mercury/node_modules/.pnpm/@vitest+runner@4.1.11/node_modules/@vitest/runner/dist/chunk-artifact.js:2323:10)\n    at file:///C:/Users/deept/Documents/ecommerce-project/mercury/node_modules/.pnpm/@vitest+runner@4.1.11/node_modules/@vitest/runner/dist/chunk-artifact.js:2305:20\n    at new Promise (<anonymous>)\n----\n    at Test._assertStatus (C:\\Users\\deept\\Documents\\ecommerce-project\\mercury\\node_modules\\.pnpm\\supertest@7.2.2\\node_modules\\supertest\\lib\\test.js:309:14)\n    at C:\\Users\\deept\\Documents\\ecommerce-project\\mercury\\node_modules\\.pnpm\\supertest@7.2.2\\node_modules\\supertest\\lib\\test.js:365:13\n    at Test._assertFunction (C:\\Users\\deept\\Documents\\ecommerce-project\\mercury\\node_modules\\.pnpm\\supertest@7.2.2\\node_modules\\supertest\\lib\\test.js:342:13)\n    at Test.assert (C:\\Users\\deept\\Documents\\ecommerce-project\\mercury\\node_modules\\.pnpm\\supertest@7.2.2\\node_modules\\supertest\\lib\\test.js:195:23)\n    at localAssert (C:\\Users\\deept\\Documents\\ecommerce-project\\mercury\\node_modules\\.pnpm\\supertest@7.2.2\\node_modules\\supertest\\lib\\test.js:138:14)\n    at Server.<anonymous> (C:\\Users\\deept\\Documents\\ecommerce-project\\mercury\\node_modules\\.pnpm\\supertest@7.2.2\\node_modules\\supertest\\lib\\test.js:152:11)\n    at Object.onceWrapper (node:events:630:28)\n    at Server.emit (node:events:509:28)\n    at emitCloseNT (node:net:2661:8)\n    at processTicksAndRejections (node:internal/process/task_queues:89:21)"],"meta":{},"tags":[]},{"ancestorTitles":["POST /auth/refresh"],"fullName":"POST /auth/refresh prevents concurrent rotation of the same refresh token","status":"failed","title":"prevents concurrent rotation of the same refresh token","duration":3.274499999999989,"failureMessages":["Error: expected 200 \"OK\", got 401 \"Unauthorized\"\n    at C:/Users/deept/Documents/ecommerce-project/mercury/src/__tests__/auth.test.ts:243:8\n    at file:///C:/Users/deept/Documents/ecommerce-project/mercury/node_modules/.pnpm/@vitest+runner@4.1.11/node_modules/@vitest/runner/dist/chunk-artifact.js:302:11\n    at file:///C:/Users/deept/Documents/ecommerce-project/mercury/node_modules/.pnpm/@vitest+runner@4.1.11/node_modules/@vitest/runner/dist/chunk-artifact.js:1903:26\n    at file:///C:/Users/deept/Documents/ecommerce-project/mercury/node_modules/.pnpm/@vitest+runner@4.1.11/node_modules/@vitest/runner/dist/chunk-artifact.js:2326:20\n    at new Promise (<anonymous>)\n    at runWithCancel (file:///C:/Users/deept/Documents/ecommerce-project/mercury/node_modules/.pnpm/@vitest+runner@4.1.11/node_modules/@vitest/runner/dist/chunk-artifact.js:2323:10)\n    at file:///C:/Users/deept/Documents/ecommerce-project/mercury/node_modules/.pnpm/@vitest+runner@4.1.11/node_modules/@vitest/runner/dist/chunk-artifact.js:2305:20\n    at new Promise (<anonymous>)\n----\n    at Test._assertStatus (C:\\Users\\deept\\Documents\\ecommerce-project\\mercury\\node_modules\\.pnpm\\supertest@7.2.2\\node_modules\\supertest\\lib\\test.js:309:14)\n    at C:\\Users\\deept\\Documents\\ecommerce-project\\mercury\\node_modules\\.pnpm\\supertest@7.2.2\\node_modules\\supertest\\lib\\test.js:365:13\n    at Test._assertFunction (C:\\Users\\deept\\Documents\\ecommerce-project\\mercury\\node_modules\\.pnpm\\supertest@7.2.2\\node_modules\\supertest\\lib\\test.js:342:13)\n    at Test.assert (C:\\Users\\deept\\Documents\\ecommerce-project\\mercury\\node_modules\\.pnpm\\supertest@7.2.2\\node_modules\\supertest\\lib\\test.js:195:23)\n    at localAssert (C:\\Users\\deept\\Documents\\ecommerce-project\\mercury\\node_modules\\.pnpm\\supertest@7.2.2\\node_modules\\supertest\\lib\\test.js:138:14)\n    at Server.<anonymous> (C:\\Users\\deept\\Documents\\ecommerce-project\\mercury\\node_modules\\.pnpm\\supertest@7.2.2\\node_modules\\supertest\\lib\\test.js:152:11)\n    at Object.onceWrapper (node:events:630:28)\n    at Server.emit (node:events:509:28)\n    at emitCloseNT (node:net:2661:8)\n    at processTicksAndRejections (node:internal/process/task_queues:89:21)"],"meta":{},"tags":[]},{"ancestorTitles":["POST /auth/refresh"],"fullName":"POST /auth/refresh returns 401 for an invalid (garbage) token","status":"passed","title":"returns 401 for an invalid (garbage) token","duration":4.6969000000001415,"failureMessages":[],"meta":{},"tags":[]},{"ancestorTitles":["POST /auth/refresh"],"fullName":"POST /auth/refresh returns 400 when refreshToken is missing","status":"passed","title":"returns 400 when refreshToken is missing","duration":1.9221999999999753,"failureMessages":[],"meta":{},"tags":[]},{"ancestorTitles":["POST /auth/refresh"],"fullName":"POST /auth/refresh returns 400 when refreshToken is not a string","status":"passed","title":"returns 400 when refreshToken is not a string","duration":2.3308999999999287,"failureMessages":[],"meta":{},"tags":[]},{"ancestorTitles":["POST /auth/logout"],"fullName":"POST /auth/logout returns 200 for successful logout","status":"failed","title":"returns 200 for successful logout","duration":3.2933000000000447,"failureMessages":["Error: expected 200 \"OK\", got 401 \"Unauthorized\"\n    at C:/Users/deept/Documents/ecommerce-project/mercury/src/__tests__/auth.test.ts:298:8\n    at file:///C:/Users/deept/Documents/ecommerce-project/mercury/node_modules/.pnpm/@vitest+runner@4.1.11/node_modules/@vitest/runner/dist/chunk-artifact.js:302:11\n    at file:///C:/Users/deept/Documents/ecommerce-project/mercury/node_modules/.pnpm/@vitest+runner@4.1.11/node_modules/@vitest/runner/dist/chunk-artifact.js:1903:26\n    at file:///C:/Users/deept/Documents/ecommerce-project/mercury/node_modules/.pnpm/@vitest+runner@4.1.11/node_modules/@vitest/runner/dist/chunk-artifact.js:2326:20\n    at new Promise (<anonymous>)\n    at runWithCancel (file:///C:/Users/deept/Documents/ecommerce-project/mercury/node_modules/.pnpm/@vitest+runner@4.1.11/node_modules/@vitest/runner/dist/chunk-artifact.js:2323:10)\n    at file:///C:/Users/deept/Documents/ecommerce-project/mercury/node_modules/.pnpm/@vitest+runner@4.1.11/node_modules/@vitest/runner/dist/chunk-artifact.js:2305:20\n    at new Promise (<anonymous>)\n----\n    at Test._assertStatus (C:\\Users\\deept\\Documents\\ecommerce-project\\mercury\\node_modules\\.pnpm\\supertest@7.2.2\\node_modules\\supertest\\lib\\test.js:309:14)\n    at C:\\Users\\deept\\Documents\\ecommerce-project\\mercury\\node_modules\\.pnpm\\supertest@7.2.2\\node_modules\\supertest\\lib\\test.js:365:13\n    at Test._assertFunction (C:\\Users\\deept\\Documents\\ecommerce-project\\mercury\\node_modules\\.pnpm\\supertest@7.2.2\\node_modules\\supertest\\lib\\test.js:342:13)\n    at Test.assert (C:\\Users\\deept\\Documents\\ecommerce-project\\mercury\\node_modules\\.pnpm\\supertest@7.2.2\\node_modules\\supertest\\lib\\test.js:195:23)\n    at localAssert (C:\\Users\\deept\\Documents\\ecommerce-project\\mercury\\node_modules\\.pnpm\\supertest@7.2.2\\node_modules\\supertest\\lib\\test.js:138:14)\n    at Server.<anonymous> (C:\\Users\\deept\\Documents\\ecommerce-project\\mercury\\node_modules\\.pnpm\\supertest@7.2.2\\node_modules\\supertest\\lib\\test.js:152:11)\n    at Object.onceWrapper (node:events:630:28)\n    at Server.emit (node:events:509:28)\n    at emitCloseNT (node:net:2661:8)\n    at processTicksAndRejections (node:internal/process/task_queues:89:21)"],"meta":{},"tags":[]},{"ancestorTitles":["POST /auth/logout"],"fullName":"POST /auth/logout rejects refresh after logout","status":"failed","title":"rejects refresh after logout","duration":2.898100000000113,"failureMessages":["Error: expected 200 \"OK\", got 401 \"Unauthorized\"\n    at C:/Users/deept/Documents/ecommerce-project/mercury/src/__tests__/auth.test.ts:314:8\n    at file:///C:/Users/deept/Documents/ecommerce-project/mercury/node_modules/.pnpm/@vitest+runner@4.1.11/node_modules/@vitest/runner/dist/chunk-artifact.js:302:11\n    at file:///C:/Users/deept/Documents/ecommerce-project/mercury/node_modules/.pnpm/@vitest+runner@4.1.11/node_modules/@vitest/runner/dist/chunk-artifact.js:1903:26\n    at file:///C:/Users/deept/Documents/ecommerce-project/mercury/node_modules/.pnpm/@vitest+runner@4.1.11/node_modules/@vitest/runner/dist/chunk-artifact.js:2326:20\n    at new Promise (<anonymous>)\n    at runWithCancel (file:///C:/Users/deept/Documents/ecommerce-project/mercury/node_modules/.pnpm/@vitest+runner@4.1.11/node_modules/@vitest/runner/dist/chunk-artifact.js:2323:10)\n    at file:///C:/Users/deept/Documents/ecommerce-project/mercury/node_modules/.pnpm/@vitest+runner@4.1.11/node_modules/@vitest/runner/dist/chunk-artifact.js:2305:20\n    at new Promise (<anonymous>)\n----\n    at Test._assertStatus (C:\\Users\\deept\\Documents\\ecommerce-project\\mercury\\node_modules\\.pnpm\\supertest@7.2.2\\node_modules\\supertest\\lib\\test.js:309:14)\n    at C:\\Users\\deept\\Documents\\ecommerce-project\\mercury\\node_modules\\.pnpm\\supertest@7.2.2\\node_modules\\supertest\\lib\\test.js:365:13\n    at Test._assertFunction (C:\\Users\\deept\\Documents\\ecommerce-project\\mercury\\node_modules\\.pnpm\\supertest@7.2.2\\node_modules\\supertest\\lib\\test.js:342:13)\n    at Test.assert (C:\\Users\\deept\\Documents\\ecommerce-project\\mercury\\node_modules\\.pnpm\\supertest@7.2.2\\node_modules\\supertest\\lib\\test.js:195:23)\n    at localAssert (C:\\Users\\deept\\Documents\\ecommerce-project\\mercury\\node_modules\\.pnpm\\supertest@7.2.2\\node_modules\\supertest\\lib\\test.js:138:14)\n    at Server.<anonymous> (C:\\Users\\deept\\Documents\\ecommerce-project\\mercury\\node_modules\\.pnpm\\supertest@7.2.2\\node_modules\\supertest\\lib\\test.js:152:11)\n    at Object.onceWrapper (node:events:630:28)\n    at Server.emit (node:events:509:28)\n    at emitCloseNT (node:net:2661:8)\n    at processTicksAndRejections (node:internal/process/task_queues:89:21)"],"meta":{},"tags":[]},{"ancestorTitles":["POST /auth/logout"],"fullName":"POST /auth/logout is idempotent — logout with already-invalidated token returns 200","status":"failed","title":"is idempotent — logout with already-invalidated token returns 200","duration":2.7345000000000255,"failureMessages":["Error: expected 200 \"OK\", got 401 \"Unauthorized\"\n    at C:/Users/deept/Documents/ecommerce-project/mercury/src/__tests__/auth.test.ts:339:8\n    at file:///C:/Users/deept/Documents/ecommerce-project/mercury/node_modules/.pnpm/@vitest+runner@4.1.11/node_modules/@vitest/runner/dist/chunk-artifact.js:302:11\n    at file:///C:/Users/deept/Documents/ecommerce-project/mercury/node_modules/.pnpm/@vitest+runner@4.1.11/node_modules/@vitest/runner/dist/chunk-artifact.js:1903:26\n    at file:///C:/Users/deept/Documents/ecommerce-project/mercury/node_modules/.pnpm/@vitest+runner@4.1.11/node_modules/@vitest/runner/dist/chunk-artifact.js:2326:20\n    at new Promise (<anonymous>)\n    at runWithCancel (file:///C:/Users/deept/Documents/ecommerce-project/mercury/node_modules/.pnpm/@vitest+runner@4.1.11/node_modules/@vitest/runner/dist/chunk-artifact.js:2323:10)\n    at file:///C:/Users/deept/Documents/ecommerce-project/mercury/node_modules/.pnpm/@vitest+runner@4.1.11/node_modules/@vitest/runner/dist/chunk-artifact.js:2305:20\n    at new Promise (<anonymous>)\n----\n    at Test._assertStatus (C:\\Users\\deept\\Documents\\ecommerce-project\\mercury\\node_modules\\.pnpm\\supertest@7.2.2\\node_modules\\supertest\\lib\\test.js:309:14)\n    at C:\\Users\\deept\\Documents\\ecommerce-project\\mercury\\node_modules\\.pnpm\\supertest@7.2.2\\node_modules\\supertest\\lib\\test.js:365:13\n    at Test._assertFunction (C:\\Users\\deept\\Documents\\ecommerce-project\\mercury\\node_modules\\.pnpm\\supertest@7.2.2\\node_modules\\supertest\\lib\\test.js:342:13)\n    at Test.assert (C:\\Users\\deept\\Documents\\ecommerce-project\\mercury\\node_modules\\.pnpm\\supertest@7.2.2\\node_modules\\supertest\\lib\\test.js:195:23)\n    at localAssert (C:\\Users\\deept\\Documents\\ecommerce-project\\mercury\\node_modules\\.pnpm\\supertest@7.2.2\\node_modules\\supertest\\lib\\test.js:138:14)\n    at Server.<anonymous> (C:\\Users\\deept\\Documents\\ecommerce-project\\mercury\\node_modules\\.pnpm\\supertest@7.2.2\\node_modules\\supertest\\lib\\test.js:152:11)\n    at Object.onceWrapper (node:events:630:28)\n    at Server.emit (node:events:509:28)\n    at emitCloseNT (node:net:2661:8)\n    at processTicksAndRejections (node:internal/process/task_queues:89:21)"],"meta":{},"tags":[]},{"ancestorTitles":["POST /auth/logout"],"fullName":"POST /auth/logout returns 400 when refreshToken is missing","status":"passed","title":"returns 400 when refreshToken is missing","duration":2.0192000000001826,"failureMessages":[],"meta":{},"tags":[]},{"ancestorTitles":["POST /auth/logout"],"fullName":"POST /auth/logout returns 400 when refreshToken is not a string","status":"passed","title":"returns 400 when refreshToken is not a string","duration":1.7373000000000047,"failureMessages":[],"meta":{},"tags":[]},{"ancestorTitles":["full auth flow (register → login → refresh → logout)"],"fullName":"full auth flow (register → login → refresh → logout) completes the full authentication lifecycle","status":"passed","title":"completes the full authentication lifecycle","duration":743.0806,"failureMessages":[],"meta":{},"tags":[]}],"startTime":1788104807033,"endTime":1788104808469.0806,"status":"failed","message":"","name":"C:/Users/deept/Documents/ecommerce-project/mercury/src/__tests__/auth.test.ts"},{"assertionResults":[{"ancestorTitles":["Bug hunt: Catalog/search"],"fullName":"Bug hunt: Catalog/search total matches filtered results for simple list","status":"skipped","title":"total matches filtered results for simple list","failureMessages":[],"meta":{},"tags":[]},{"ancestorTitles":["Bug hunt: Catalog/search"],"fullName":"Bug hunt: Catalog/search total matches for category filter","status":"skipped","title":"total matches for category filter","failureMessages":[],"meta":{},"tags":[]},{"ancestorTitles":["Bug hunt: Catalog/search"],"fullName":"Bug hunt: Catalog/search total matches for inStock filter","status":"skipped","title":"total matches for inStock filter","failureMessages":[],"meta":{},"tags":[]},{"ancestorTitles":["Bug hunt: Catalog/search"],"fullName":"Bug hunt: Catalog/search total matches for minPrice filter","status":"skipped","title":"total matches for minPrice filter","failureMessages":[],"meta":{},"tags":[]},{"ancestorTitles":["Bug hunt: Catalog/search"],"fullName":"Bug hunt: Catalog/search total matches for maxPrice filter","status":"skipped","title":"total matches for maxPrice filter","failureMessages":[],"meta":{},"tags":[]},{"ancestorTitles":["Bug hunt: Catalog/search"],"fullName":"Bug hunt: Catalog/search total matches for combined filters","status":"skipped","title":"total matches for combined filters","failureMessages":[],"meta":{},"tags":[]},{"ancestorTitles":["Bug hunt: Catalog/search"],"fullName":"Bug hunt: Catalog/search search total matches","status":"skipped","title":"search total matches","failureMessages":[],"meta":{},"tags":[]},{"ancestorTitles":["Bug hunt: Catalog/search"],"fullName":"Bug hunt: Catalog/search search with inStock filter total matches","status":"skipped","title":"search with inStock filter total matches","failureMessages":[],"meta":{},"tags":[]},{"ancestorTitles":["Bug hunt: Catalog/search"],"fullName":"Bug hunt: Catalog/search search with price filter total matches","status":"skipped","title":"search with price filter total matches","failureMessages":[],"meta":{},"tags":[]},{"ancestorTitles":["Bug hunt: Catalog/search"],"fullName":"Bug hunt: Catalog/search pagination does not duplicate records","status":"skipped","title":"pagination does not duplicate records","failureMessages":[],"meta":{},"tags":[]},{"ancestorTitles":["Bug hunt: Catalog/search"],"fullName":"Bug hunt: Catalog/search deterministic ordering with name_asc","status":"skipped","title":"deterministic ordering with name_asc","failureMessages":[],"meta":{},"tags":[]},{"ancestorTitles":["Bug hunt: Catalog/search"],"fullName":"Bug hunt: Catalog/search price_asc sorting works","status":"skipped","title":"price_asc sorting works","failureMessages":[],"meta":{},"tags":[]},{"ancestorTitles":["Bug hunt: Catalog/search"],"fullName":"Bug hunt: Catalog/search price_desc sorting works","status":"skipped","title":"price_desc sorting works","failureMessages":[],"meta":{},"tags":[]},{"ancestorTitles":["Bug hunt: Catalog/search"],"fullName":"Bug hunt: Catalog/search validates sort parameter","status":"skipped","title":"validates sort parameter","failureMessages":[],"meta":{},"tags":[]},{"ancestorTitles":["Bug hunt: Catalog/search"],"fullName":"Bug hunt: Catalog/search validates limit parameter","status":"skipped","title":"validates limit parameter","failureMessages":[],"meta":{},"tags":[]},{"ancestorTitles":["Bug hunt: Catalog/search"],"fullName":"Bug hunt: Catalog/search validates minPrice parameter","status":"skipped","title":"validates minPrice parameter","failureMessages":[],"meta":{},"tags":[]},{"ancestorTitles":["Bug hunt: Catalog/search"],"fullName":"Bug hunt: Catalog/search impossible minPrice > maxPrice returns empty","status":"skipped","title":"impossible minPrice > maxPrice returns empty","failureMessages":[],"meta":{},"tags":[]},{"ancestorTitles":["Bug hunt: Catalog/search"],"fullName":"Bug hunt: Catalog/search nonexistent category returns empty","status":"skipped","title":"nonexistent category returns empty","failureMessages":[],"meta":{},"tags":[]},{"ancestorTitles":["Bug hunt: Catalog/search"],"fullName":"Bug hunt: Catalog/search offset beyond total returns empty","status":"skipped","title":"offset beyond total returns empty","failureMessages":[],"meta":{},"tags":[]},{"ancestorTitles":["Bug hunt: Catalog/search"],"fullName":"Bug hunt: Catalog/search search SQL injection attempt","status":"skipped","title":"search SQL injection attempt","failureMessages":[],"meta":{},"tags":[]},{"ancestorTitles":["Bug hunt: Catalog/search"],"fullName":"Bug hunt: Catalog/search search empty q returns 400","status":"skipped","title":"search empty q returns 400","failureMessages":[],"meta":{},"tags":[]},{"ancestorTitles":["Bug hunt: Catalog/search"],"fullName":"Bug hunt: Catalog/search draft product not accessible by slug","status":"skipped","title":"draft product not accessible by slug","failureMessages":[],"meta":{},"tags":[]},{"ancestorTitles":["Bug hunt: Cart"],"fullName":"Bug hunt: Cart adds product to cart","status":"skipped","title":"adds product to cart","failureMessages":[],"meta":{},"tags":[]},{"ancestorTitles":["Bug hunt: Cart"],"fullName":"Bug hunt: Cart rejects quantity zero","status":"skipped","title":"rejects quantity zero","failureMessages":[],"meta":{},"tags":[]},{"ancestorTitles":["Bug hunt: Cart"],"fullName":"Bug hunt: Cart rejects negative quantity","status":"skipped","title":"rejects negative quantity","failureMessages":[],"meta":{},"tags":[]},{"ancestorTitles":["Bug hunt: Cart"],"fullName":"Bug hunt: Cart rejects non-integer quantity","status":"skipped","title":"rejects non-integer quantity","failureMessages":[],"meta":{},"tags":[]},{"ancestorTitles":["Bug hunt: Cart"],"fullName":"Bug hunt: Cart rejects missing productId","status":"skipped","title":"rejects missing productId","failureMessages":[],"meta":{},"tags":[]},{"ancestorTitles":["Bug hunt: Cart"],"fullName":"Bug hunt: Cart rejects inactive product","status":"skipped","title":"rejects inactive product","failureMessages":[],"meta":{},"tags":[]},{"ancestorTitles":["Bug hunt: Cart"],"fullName":"Bug hunt: Cart rejects unauthenticated","status":"skipped","title":"rejects unauthenticated","failureMessages":[],"meta":{},"tags":[]},{"ancestorTitles":["Bug hunt: Cart"],"fullName":"Bug hunt: Cart ownership enforced on delete","status":"skipped","title":"ownership enforced on delete","failureMessages":[],"meta":{},"tags":[]},{"ancestorTitles":["Bug hunt: Cart"],"fullName":"Bug hunt: Cart delete missing cart item returns 404","status":"skipped","title":"delete missing cart item returns 404","failureMessages":[],"meta":{},"tags":[]},{"ancestorTitles":["Bug hunt: Auth/RBAC"],"fullName":"Bug hunt: Auth/RBAC customer cannot access admin routes","status":"skipped","title":"customer cannot access admin routes","failureMessages":[],"meta":{},"tags":[]},{"ancestorTitles":["Bug hunt: Auth/RBAC"],"fullName":"Bug hunt: Auth/RBAC unauthenticated gets 401","status":"skipped","title":"unauthenticated gets 401","failureMessages":[],"meta":{},"tags":[]},{"ancestorTitles":["Bug hunt: Auth/RBAC"],"fullName":"Bug hunt: Auth/RBAC register does not create backend roles","status":"skipped","title":"register does not create backend roles","failureMessages":[],"meta":{},"tags":[]},{"ancestorTitles":["Bug hunt: Auth/RBAC"],"fullName":"Bug hunt: Auth/RBAC malformed JWT returns 401","status":"skipped","title":"malformed JWT returns 401","failureMessages":[],"meta":{},"tags":[]},{"ancestorTitles":["Bug hunt: Checkout"],"fullName":"Bug hunt: Checkout rejects empty cart","status":"skipped","title":"rejects empty cart","failureMessages":[],"meta":{},"tags":[]},{"ancestorTitles":["Bug hunt: Checkout"],"fullName":"Bug hunt: Checkout completes checkout","status":"skipped","title":"completes checkout","failureMessages":[],"meta":{},"tags":[]},{"ancestorTitles":["Bug hunt: Checkout"],"fullName":"Bug hunt: Checkout clears cart after checkout","status":"skipped","title":"clears cart after checkout","failureMessages":[],"meta":{},"tags":[]},{"ancestorTitles":["Bug hunt: Orders"],"fullName":"Bug hunt: Orders rejects non-existent order","status":"skipped","title":"rejects non-existent order","failureMessages":[],"meta":{},"tags":[]},{"ancestorTitles":["Bug hunt: Orders"],"fullName":"Bug hunt: Orders ownership enforced","status":"skipped","title":"ownership enforced","failureMessages":[],"meta":{},"tags":[]},{"ancestorTitles":["Bug hunt: Wishlist"],"fullName":"Bug hunt: Wishlist rejects inactive product","status":"skipped","title":"rejects inactive product","failureMessages":[],"meta":{},"tags":[]},{"ancestorTitles":["Bug hunt: Wishlist"],"fullName":"Bug hunt: Wishlist wishlist only shows active products","status":"skipped","title":"wishlist only shows active products","failureMessages":[],"meta":{},"tags":[]},{"ancestorTitles":["Bug hunt: Wishlist"],"fullName":"Bug hunt: Wishlist duplicate add is idempotent","status":"skipped","title":"duplicate add is idempotent","failureMessages":[],"meta":{},"tags":[]},{"ancestorTitles":["Bug hunt: Wishlist"],"fullName":"Bug hunt: Wishlist delete missing item returns 404","status":"skipped","title":"delete missing item returns 404","failureMessages":[],"meta":{},"tags":[]},{"ancestorTitles":["Bug hunt: Error response format"],"fullName":"Bug hunt: Error response format all errors have error.code and error.message","status":"skipped","title":"all errors have error.code and error.message","failureMessages":[],"meta":{},"tags":[]}],"startTime":1788104800876,"endTime":1788104800876,"status":"failed","message":"expected 200 \"OK\", got 401 \"Unauthorized\"","name":"C:/Users/deept/Documents/ecommerce-project/mercury/src/__tests__/bug-hunt.test.ts"},{"assertionResults":[{"ancestorTitles":["campaigns and promotions"],"fullName":"campaigns and promotions enforces read and write roles","status":"passed","title":"enforces read and write roles","duration":36.089599999999905,"failureMessages":[],"meta":{},"tags":[]},{"ancestorTitles":["campaigns and promotions"],"fullName":"campaigns and promotions publishes scheduled campaigns in deterministic order","status":"passed","title":"publishes scheduled campaigns in deterministic order","duration":52.27499999999998,"failureMessages":[],"meta":{},"tags":[]},{"ancestorTitles":["campaigns and promotions"],"fullName":"campaigns and promotions validates and schedules promotions without exposing drafts","status":"passed","title":"validates and schedules promotions without exposing drafts","duration":30.8753999999999,"failureMessages":[],"meta":{},"tags":[]},{"ancestorTitles":["campaigns and promotions"],"fullName":"campaigns and promotions audits campaign and promotion mutations","status":"passed","title":"audits campaign and promotion mutations","duration":1.0306999999999107,"failureMessages":[],"meta":{},"tags":[]}],"startTime":1788104848351,"endTime":1788104848471.0308,"status":"passed","message":"","name":"C:/Users/deept/Documents/ecommerce-project/mercury/src/__tests__/campaigns.test.ts"},{"assertionResults":[{"ancestorTitles":["GET /cart"],"fullName":"GET /cart returns empty cart for a new user","status":"passed","title":"returns empty cart for a new user","duration":7.523600000000215,"failureMessages":[],"meta":{},"tags":[]},{"ancestorTitles":["GET /cart"],"fullName":"GET /cart returns 401 without authentication","status":"passed","title":"returns 401 without authentication","duration":3.455199999999877,"failureMessages":[],"meta":{},"tags":[]},{"ancestorTitles":["POST /cart"],"fullName":"POST /cart adds an active priced product to the cart","status":"passed","title":"adds an active priced product to the cart","duration":96.81359999999995,"failureMessages":[],"meta":{},"tags":[]},{"ancestorTitles":["POST /cart"],"fullName":"POST /cart adding the same product again increments quantity (no duplicate row)","status":"passed","title":"adding the same product again increments quantity (no duplicate row)","duration":9.882700000000114,"failureMessages":[],"meta":{},"tags":[]},{"ancestorTitles":["POST /cart"],"fullName":"POST /cart adds an active unpriced product to the cart","status":"passed","title":"adds an active unpriced product to the cart","duration":7.913199999999961,"failureMessages":[],"meta":{},"tags":[]},{"ancestorTitles":["POST /cart"],"fullName":"POST /cart rejects adding an out-of-stock product","status":"passed","title":"rejects adding an out-of-stock product","duration":5.192800000000034,"failureMessages":[],"meta":{},"tags":[]},{"ancestorTitles":["POST /cart"],"fullName":"POST /cart rejects adding a draft product","status":"passed","title":"rejects adding a draft product","duration":4.492899999999963,"failureMessages":[],"meta":{},"tags":[]},{"ancestorTitles":["POST /cart"],"fullName":"POST /cart rejects adding an unknown product","status":"passed","title":"rejects adding an unknown product","duration":4.235599999999977,"failureMessages":[],"meta":{},"tags":[]},{"ancestorTitles":["POST /cart"],"fullName":"POST /cart returns 400 when quantity is missing","status":"passed","title":"returns 400 when quantity is missing","duration":3.6256000000000768,"failureMessages":[],"meta":{},"tags":[]},{"ancestorTitles":["POST /cart"],"fullName":"POST /cart returns 400 when productId is missing","status":"passed","title":"returns 400 when productId is missing","duration":3.1492000000000644,"failureMessages":[],"meta":{},"tags":[]},{"ancestorTitles":["POST /cart"],"fullName":"POST /cart returns 401 without authentication","status":"passed","title":"returns 401 without authentication","duration":4.487699999999904,"failureMessages":[],"meta":{},"tags":[]},{"ancestorTitles":["PATCH /cart/:itemId"],"fullName":"PATCH /cart/:itemId updates quantity for an existing cart item","status":"passed","title":"updates quantity for an existing cart item","duration":18.091699999999946,"failureMessages":[],"meta":{},"tags":[]},{"ancestorTitles":["PATCH /cart/:itemId"],"fullName":"PATCH /cart/:itemId returns 404 for non-existent item","status":"passed","title":"returns 404 for non-existent item","duration":3.5440999999996166,"failureMessages":[],"meta":{},"tags":[]},{"ancestorTitles":["PATCH /cart/:itemId"],"fullName":"PATCH /cart/:itemId returns 404 for another users item","status":"passed","title":"returns 404 for another users item","duration":8.601500000000215,"failureMessages":[],"meta":{},"tags":[]},{"ancestorTitles":["PATCH /cart/:itemId"],"fullName":"PATCH /cart/:itemId returns 401 without authentication","status":"passed","title":"returns 401 without authentication","duration":2.0549999999998363,"failureMessages":[],"meta":{},"tags":[]},{"ancestorTitles":["GET /cart with items"],"fullName":"GET /cart with items returns cart with items, prices, line totals, and total","status":"passed","title":"returns cart with items, prices, line totals, and total","duration":4.801200000000335,"failureMessages":[],"meta":{},"tags":[]},{"ancestorTitles":["DELETE /cart/:itemId"],"fullName":"DELETE /cart/:itemId removes a single item from the cart","status":"passed","title":"removes a single item from the cart","duration":29.471900000000005,"failureMessages":[],"meta":{},"tags":[]},{"ancestorTitles":["DELETE /cart/:itemId"],"fullName":"DELETE /cart/:itemId returns 404 for non-existent item","status":"passed","title":"returns 404 for non-existent item","duration":3.343199999999797,"failureMessages":[],"meta":{},"tags":[]},{"ancestorTitles":["DELETE /cart/:itemId"],"fullName":"DELETE /cart/:itemId returns 401 without authentication","status":"passed","title":"returns 401 without authentication","duration":1.6276000000002568,"failureMessages":[],"meta":{},"tags":[]},{"ancestorTitles":["DELETE /cart (clear)"],"fullName":"DELETE /cart (clear) clears all items from the cart","status":"passed","title":"clears all items from the cart","duration":10.274800000000141,"failureMessages":[],"meta":{},"tags":[]},{"ancestorTitles":["DELETE /cart (clear)"],"fullName":"DELETE /cart (clear) clearing an already empty cart returns 204","status":"passed","title":"clearing an already empty cart returns 204","duration":3.9769999999998618,"failureMessages":[],"meta":{},"tags":[]},{"ancestorTitles":["DELETE /cart (clear)"],"fullName":"DELETE /cart (clear) does not affect other users carts","status":"passed","title":"does not affect other users carts","duration":14.62350000000015,"failureMessages":[],"meta":{},"tags":[]},{"ancestorTitles":["Cart concurrency"],"fullName":"Cart concurrency handles concurrent POST to the same product for the same user without duplicates","status":"failed","title":"handles concurrent POST to the same product for the same user without duplicates","duration":339.09540000000015,"failureMessages":["AssertionError: expected 3 to be 6 // Object.is equality\n    at C:/Users/deept/Documents/ecommerce-project/mercury/src/__tests__/cart.test.ts:495:32\n    at processTicksAndRejections (node:internal/process/task_queues:104:5)\n    at file:///C:/Users/deept/Documents/ecommerce-project/mercury/node_modules/.pnpm/@vitest+runner@4.1.11/node_modules/@vitest/runner/dist/chunk-artifact.js:1903:20"],"meta":{},"tags":[]},{"ancestorTitles":["Cart does not affect other modules"],"fullName":"Cart does not affect other modules GET /health still works","status":"passed","title":"GET /health still works","duration":3.0622000000003027,"failureMessages":[],"meta":{},"tags":[]},{"ancestorTitles":["Cart does not affect other modules"],"fullName":"Cart does not affect other modules existing catalog endpoints still work","status":"passed","title":"existing catalog endpoints still work","duration":4.11200000000008,"failureMessages":[],"meta":{},"tags":[]}],"startTime":1788104803154,"endTime":1788104803752.112,"status":"failed","message":"","name":"C:/Users/deept/Documents/ecommerce-project/mercury/src/__tests__/cart.test.ts"},{"assertionResults":[{"ancestorTitles":["GET /categories"],"fullName":"GET /categories returns all categories","status":"passed","title":"returns all categories","duration":14.41210000000001,"failureMessages":[],"meta":{},"tags":[]},{"ancestorTitles":["GET /categories/:slug"],"fullName":"GET /categories/:slug returns category with its active products","status":"passed","title":"returns category with its active products","duration":7.17349999999999,"failureMessages":[],"meta":{},"tags":[]},{"ancestorTitles":["GET /categories/:slug"],"fullName":"GET /categories/:slug returns 404 for unknown category","status":"passed","title":"returns 404 for unknown category","duration":4.5359999999999445,"failureMessages":[],"meta":{},"tags":[]},{"ancestorTitles":["GET /products"],"fullName":"GET /products returns only active products (paginated)","status":"passed","title":"returns only active products (paginated)","duration":270.9305999999999,"failureMessages":[],"meta":{},"tags":[]},{"ancestorTitles":["GET /products"],"fullName":"GET /products includes category name on products","status":"passed","title":"includes category name on products","duration":5.829600000000028,"failureMessages":[],"meta":{},"tags":[]},{"ancestorTitles":["GET /products"],"fullName":"GET /products filters by category slug","status":"passed","title":"filters by category slug","duration":4.526800000000094,"failureMessages":[],"meta":{},"tags":[]},{"ancestorTitles":["GET /products"],"fullName":"GET /products returns empty for category with no products","status":"passed","title":"returns empty for category with no products","duration":4.316299999999956,"failureMessages":[],"meta":{},"tags":[]},{"ancestorTitles":["GET /products/:slug"],"fullName":"GET /products/:slug returns a single active product by slug","status":"passed","title":"returns a single active product by slug","duration":5.978599999999915,"failureMessages":[],"meta":{},"tags":[]},{"ancestorTitles":["GET /products/:slug"],"fullName":"GET /products/:slug returns 404 for draft product","status":"passed","title":"returns 404 for draft product","duration":4.25,"failureMessages":[],"meta":{},"tags":[]},{"ancestorTitles":["GET /products/:slug"],"fullName":"GET /products/:slug returns 404 for archived product","status":"passed","title":"returns 404 for archived product","duration":3.664800000000014,"failureMessages":[],"meta":{},"tags":[]},{"ancestorTitles":["GET /products/:slug"],"fullName":"GET /products/:slug returns 404 for unknown slug","status":"passed","title":"returns 404 for unknown slug","duration":3.8677999999999884,"failureMessages":[],"meta":{},"tags":[]},{"ancestorTitles":["Catalog does not require authentication"],"fullName":"Catalog does not require authentication products endpoint works without auth header","status":"passed","title":"products endpoint works without auth header","duration":3.597099999999955,"failureMessages":[],"meta":{},"tags":[]},{"ancestorTitles":["Catalog does not require authentication"],"fullName":"Catalog does not require authentication categories endpoint works without auth header","status":"passed","title":"categories endpoint works without auth header","duration":2.950900000000047,"failureMessages":[],"meta":{},"tags":[]}],"startTime":1788104846749,"endTime":1788104847085.951,"status":"passed","message":"","name":"C:/Users/deept/Documents/ecommerce-project/mercury/src/__tests__/catalog.test.ts"},{"assertionResults":[{"ancestorTitles":["POST /checkout"],"fullName":"POST /checkout returns 401 without authentication","status":"passed","title":"returns 401 without authentication","duration":4.974699999999984,"failureMessages":[],"meta":{},"tags":[]},{"ancestorTitles":["POST /checkout"],"fullName":"POST /checkout rejects empty cart","status":"passed","title":"rejects empty cart","duration":6.948499999999967,"failureMessages":[],"meta":{},"tags":[]},{"ancestorTitles":["POST /checkout"],"fullName":"POST /checkout rejects if product is no longer active","status":"passed","title":"rejects if product is no longer active","duration":10.683399999999892,"failureMessages":[],"meta":{},"tags":[]},{"ancestorTitles":["POST /checkout"],"fullName":"POST /checkout rejects if stock is insufficient","status":"passed","title":"rejects if stock is insufficient","duration":16.559699999999793,"failureMessages":[],"meta":{},"tags":[]},{"ancestorTitles":["POST /checkout"],"fullName":"POST /checkout rejects a product with no inventory row (treated as out of stock)","status":"passed","title":"rejects a product with no inventory row (treated as out of stock)","duration":21.621599999999944,"failureMessages":[],"meta":{},"tags":[]},{"ancestorTitles":["POST /checkout"],"fullName":"POST /checkout rolls back entire transaction if one of multiple cart items has no inventory","status":"passed","title":"rolls back entire transaction if one of multiple cart items has no inventory","duration":27.24000000000001,"failureMessages":[],"meta":{},"tags":[]},{"ancestorTitles":["POST /checkout"],"fullName":"POST /checkout succeeds with a single priced product","status":"passed","title":"succeeds with a single priced product","duration":29.329600000000028,"failureMessages":[],"meta":{},"tags":[]},{"ancestorTitles":["POST /checkout"],"fullName":"POST /checkout succeeds with multiple products including unpriced","status":"passed","title":"succeeds with multiple products including unpriced","duration":24.378299999999854,"failureMessages":[],"meta":{},"tags":[]},{"ancestorTitles":["Checkout concurrency"],"fullName":"Checkout concurrency handles concurrent checkout for the same limited stock product correctly","status":"passed","title":"handles concurrent checkout for the same limited stock product correctly","duration":319.33529999999996,"failureMessages":[],"meta":{},"tags":[]},{"ancestorTitles":["Checkout does not affect other modules"],"fullName":"Checkout does not affect other modules GET /products still works","status":"passed","title":"GET /products still works","duration":6.259899999999789,"failureMessages":[],"meta":{},"tags":[]},{"ancestorTitles":["Checkout does not affect other modules"],"fullName":"Checkout does not affect other modules GET /health still works","status":"passed","title":"GET /health still works","duration":4.1340999999999894,"failureMessages":[],"meta":{},"tags":[]}],"startTime":1788104831595,"endTime":1788104832067.134,"status":"passed","message":"","name":"C:/Users/deept/Documents/ecommerce-project/mercury/src/__tests__/checkout.test.ts"},{"assertionResults":[{"ancestorTitles":["merchandising collections"],"fullName":"merchandising collections enforces admin read/write roles","status":"passed","title":"enforces admin read/write roles","duration":39.95860000000005,"failureMessages":[],"meta":{},"tags":[]},{"ancestorTitles":["merchandising collections"],"fullName":"merchandising collections validates inputs and rejects duplicate slugs","status":"passed","title":"validates inputs and rejects duplicate slugs","duration":24.531600000000026,"failureMessages":[],"meta":{},"tags":[]},{"ancestorTitles":["merchandising collections"],"fullName":"merchandising collections resolves schedules and priority deterministically","status":"passed","title":"resolves schedules and priority deterministically","duration":24.01290000000006,"failureMessages":[],"meta":{},"tags":[]},{"ancestorTitles":["merchandising collections"],"fullName":"merchandising collections atomically assigns explicit product order and hides draft products publicly","status":"passed","title":"atomically assigns explicit product order and hides draft products publicly","duration":28.32370000000003,"failureMessages":[],"meta":{},"tags":[]},{"ancestorTitles":["merchandising collections"],"fullName":"merchandising collections records collection mutations in the audit log","status":"passed","title":"records collection mutations in the audit log","duration":1.219000000000051,"failureMessages":[],"meta":{},"tags":[]}],"startTime":1788104849711,"endTime":1788104849829.219,"status":"passed","message":"","name":"C:/Users/deept/Documents/ecommerce-project/mercury/src/__tests__/collections.test.ts"},{"assertionResults":[{"ancestorTitles":["CORS — Allowed origins"],"fullName":"CORS — Allowed origins allows Store-front origin","status":"failed","title":"allows Store-front origin","duration":5.546499999999924,"failureMessages":["AssertionError: expected undefined to be 'http://localhost:3000' // Object.is equality\n    at C:/Users/deept/Documents/ecommerce-project/mercury/src/__tests__/cors.test.ts:72:56\n    at processTicksAndRejections (node:internal/process/task_queues:104:5)\n    at file:///C:/Users/deept/Documents/ecommerce-project/mercury/node_modules/.pnpm/@vitest+runner@4.1.11/node_modules/@vitest/runner/dist/chunk-artifact.js:1903:20"],"meta":{},"tags":[]},{"ancestorTitles":["CORS — Allowed origins"],"fullName":"CORS — Allowed origins allows Back-office origin","status":"failed","title":"allows Back-office origin","duration":3.792500000000018,"failureMessages":["AssertionError: expected undefined to be 'http://localhost:3001' // Object.is equality\n    at C:/Users/deept/Documents/ecommerce-project/mercury/src/__tests__/cors.test.ts:81:56\n    at processTicksAndRejections (node:internal/process/task_queues:104:5)\n    at file:///C:/Users/deept/Documents/ecommerce-project/mercury/node_modules/.pnpm/@vitest+runner@4.1.11/node_modules/@vitest/runner/dist/chunk-artifact.js:1903:20"],"meta":{},"tags":[]},{"ancestorTitles":["CORS — Allowed origins"],"fullName":"CORS — Allowed origins rejects unknown origin (no ACAO header)","status":"passed","title":"rejects unknown origin (no ACAO header)","duration":3.4371000000001004,"failureMessages":[],"meta":{},"tags":[]},{"ancestorTitles":["CORS — OPTIONS preflight"],"fullName":"CORS — OPTIONS preflight preflight succeeds for allowed origin","status":"failed","title":"preflight succeeds for allowed origin","duration":3.207200000000057,"failureMessages":["Error: expected 204 \"No Content\", got 200 \"OK\"\n    at C:/Users/deept/Documents/ecommerce-project/mercury/src/__tests__/cors.test.ts:101:8\n    at file:///C:/Users/deept/Documents/ecommerce-project/mercury/node_modules/.pnpm/@vitest+runner@4.1.11/node_modules/@vitest/runner/dist/chunk-artifact.js:302:11\n    at file:///C:/Users/deept/Documents/ecommerce-project/mercury/node_modules/.pnpm/@vitest+runner@4.1.11/node_modules/@vitest/runner/dist/chunk-artifact.js:1903:26\n    at file:///C:/Users/deept/Documents/ecommerce-project/mercury/node_modules/.pnpm/@vitest+runner@4.1.11/node_modules/@vitest/runner/dist/chunk-artifact.js:2326:20\n    at new Promise (<anonymous>)\n    at runWithCancel (file:///C:/Users/deept/Documents/ecommerce-project/mercury/node_modules/.pnpm/@vitest+runner@4.1.11/node_modules/@vitest/runner/dist/chunk-artifact.js:2323:10)\n    at file:///C:/Users/deept/Documents/ecommerce-project/mercury/node_modules/.pnpm/@vitest+runner@4.1.11/node_modules/@vitest/runner/dist/chunk-artifact.js:2305:20\n    at new Promise (<anonymous>)\n----\n    at Test._assertStatus (C:\\Users\\deept\\Documents\\ecommerce-project\\mercury\\node_modules\\.pnpm\\supertest@7.2.2\\node_modules\\supertest\\lib\\test.js:309:14)\n    at C:\\Users\\deept\\Documents\\ecommerce-project\\mercury\\node_modules\\.pnpm\\supertest@7.2.2\\node_modules\\supertest\\lib\\test.js:365:13\n    at Test._assertFunction (C:\\Users\\deept\\Documents\\ecommerce-project\\mercury\\node_modules\\.pnpm\\supertest@7.2.2\\node_modules\\supertest\\lib\\test.js:342:13)\n    at Test.assert (C:\\Users\\deept\\Documents\\ecommerce-project\\mercury\\node_modules\\.pnpm\\supertest@7.2.2\\node_modules\\supertest\\lib\\test.js:195:23)\n    at localAssert (C:\\Users\\deept\\Documents\\ecommerce-project\\mercury\\node_modules\\.pnpm\\supertest@7.2.2\\node_modules\\supertest\\lib\\test.js:138:14)\n    at Server.<anonymous> (C:\\Users\\deept\\Documents\\ecommerce-project\\mercury\\node_modules\\.pnpm\\supertest@7.2.2\\node_modules\\supertest\\lib\\test.js:152:11)\n    at Object.onceWrapper (node:events:630:28)\n    at Server.emit (node:events:509:28)\n    at emitCloseNT (node:net:2661:8)\n    at processTicksAndRejections (node:internal/process/task_queues:89:21)"],"meta":{},"tags":[]},{"ancestorTitles":["CORS — OPTIONS preflight"],"fullName":"CORS — OPTIONS preflight preflight for unknown origin returns no ACAO headers","status":"passed","title":"preflight for unknown origin returns no ACAO headers","duration":1.990099999999984,"failureMessages":[],"meta":{},"tags":[]},{"ancestorTitles":["CORS — Normal API requests still work"],"fullName":"CORS — Normal API requests still work health endpoint works with allowed origin","status":"passed","title":"health endpoint works with allowed origin","duration":1.8857000000000426,"failureMessages":[],"meta":{},"tags":[]},{"ancestorTitles":["CORS — Normal API requests still work"],"fullName":"CORS — Normal API requests still work auth endpoint works with allowed origin","status":"failed","title":"auth endpoint works with allowed origin","duration":176.92449999999985,"failureMessages":["Error: expected 200 \"OK\", got 500 \"Internal Server Error\"\n    at C:/Users/deept/Documents/ecommerce-project/mercury/src/__tests__/cors.test.ts:142:8\n    at file:///C:/Users/deept/Documents/ecommerce-project/mercury/node_modules/.pnpm/@vitest+runner@4.1.11/node_modules/@vitest/runner/dist/chunk-artifact.js:302:11\n    at file:///C:/Users/deept/Documents/ecommerce-project/mercury/node_modules/.pnpm/@vitest+runner@4.1.11/node_modules/@vitest/runner/dist/chunk-artifact.js:1903:26\n    at file:///C:/Users/deept/Documents/ecommerce-project/mercury/node_modules/.pnpm/@vitest+runner@4.1.11/node_modules/@vitest/runner/dist/chunk-artifact.js:2326:20\n    at new Promise (<anonymous>)\n    at runWithCancel (file:///C:/Users/deept/Documents/ecommerce-project/mercury/node_modules/.pnpm/@vitest+runner@4.1.11/node_modules/@vitest/runner/dist/chunk-artifact.js:2323:10)\n    at file:///C:/Users/deept/Documents/ecommerce-project/mercury/node_modules/.pnpm/@vitest+runner@4.1.11/node_modules/@vitest/runner/dist/chunk-artifact.js:2305:20\n    at new Promise (<anonymous>)\n----\n    at Test._assertStatus (C:\\Users\\deept\\Documents\\ecommerce-project\\mercury\\node_modules\\.pnpm\\supertest@7.2.2\\node_modules\\supertest\\lib\\test.js:309:14)\n    at C:\\Users\\deept\\Documents\\ecommerce-project\\mercury\\node_modules\\.pnpm\\supertest@7.2.2\\node_modules\\supertest\\lib\\test.js:365:13\n    at Test._assertFunction (C:\\Users\\deept\\Documents\\ecommerce-project\\mercury\\node_modules\\.pnpm\\supertest@7.2.2\\node_modules\\supertest\\lib\\test.js:342:13)\n    at Test.assert (C:\\Users\\deept\\Documents\\ecommerce-project\\mercury\\node_modules\\.pnpm\\supertest@7.2.2\\node_modules\\supertest\\lib\\test.js:195:23)\n    at localAssert (C:\\Users\\deept\\Documents\\ecommerce-project\\mercury\\node_modules\\.pnpm\\supertest@7.2.2\\node_modules\\supertest\\lib\\test.js:138:14)\n    at Server.<anonymous> (C:\\Users\\deept\\Documents\\ecommerce-project\\mercury\\node_modules\\.pnpm\\supertest@7.2.2\\node_modules\\supertest\\lib\\test.js:152:11)\n    at Object.onceWrapper (node:events:630:28)\n    at Server.emit (node:events:509:28)\n    at emitCloseNT (node:net:2661:8)\n    at processTicksAndRejections (node:internal/process/task_queues:89:21)"],"meta":{},"tags":[]},{"ancestorTitles":["CORS — Normal API requests still work"],"fullName":"CORS — Normal API requests still work request without Origin header works (server-to-server)","status":"passed","title":"request without Origin header works (server-to-server)","duration":2.7327999999999975,"failureMessages":[],"meta":{},"tags":[]},{"ancestorTitles":["CORS — Normal API requests still work"],"fullName":"CORS — Normal API requests still work authenticated request works with allowed origin","status":"failed","title":"authenticated request works with allowed origin","duration":4.7456999999999425,"failureMessages":["Error: expected 200 \"OK\", got 401 \"Unauthorized\"\n    at C:/Users/deept/Documents/ecommerce-project/mercury/src/__tests__/cors.test.ts:156:8\n    at file:///C:/Users/deept/Documents/ecommerce-project/mercury/node_modules/.pnpm/@vitest+runner@4.1.11/node_modules/@vitest/runner/dist/chunk-artifact.js:302:11\n    at file:///C:/Users/deept/Documents/ecommerce-project/mercury/node_modules/.pnpm/@vitest+runner@4.1.11/node_modules/@vitest/runner/dist/chunk-artifact.js:1903:26\n    at file:///C:/Users/deept/Documents/ecommerce-project/mercury/node_modules/.pnpm/@vitest+runner@4.1.11/node_modules/@vitest/runner/dist/chunk-artifact.js:2326:20\n    at new Promise (<anonymous>)\n    at runWithCancel (file:///C:/Users/deept/Documents/ecommerce-project/mercury/node_modules/.pnpm/@vitest+runner@4.1.11/node_modules/@vitest/runner/dist/chunk-artifact.js:2323:10)\n    at file:///C:/Users/deept/Documents/ecommerce-project/mercury/node_modules/.pnpm/@vitest+runner@4.1.11/node_modules/@vitest/runner/dist/chunk-artifact.js:2305:20\n    at new Promise (<anonymous>)\n----\n    at Test._assertStatus (C:\\Users\\deept\\Documents\\ecommerce-project\\mercury\\node_modules\\.pnpm\\supertest@7.2.2\\node_modules\\supertest\\lib\\test.js:309:14)\n    at C:\\Users\\deept\\Documents\\ecommerce-project\\mercury\\node_modules\\.pnpm\\supertest@7.2.2\\node_modules\\supertest\\lib\\test.js:365:13\n    at Test._assertFunction (C:\\Users\\deept\\Documents\\ecommerce-project\\mercury\\node_modules\\.pnpm\\supertest@7.2.2\\node_modules\\supertest\\lib\\test.js:342:13)\n    at Test.assert (C:\\Users\\deept\\Documents\\ecommerce-project\\mercury\\node_modules\\.pnpm\\supertest@7.2.2\\node_modules\\supertest\\lib\\test.js:195:23)\n    at localAssert (C:\\Users\\deept\\Documents\\ecommerce-project\\mercury\\node_modules\\.pnpm\\supertest@7.2.2\\node_modules\\supertest\\lib\\test.js:138:14)\n    at Server.<anonymous> (C:\\Users\\deept\\Documents\\ecommerce-project\\mercury\\node_modules\\.pnpm\\supertest@7.2.2\\node_modules\\supertest\\lib\\test.js:152:11)\n    at Object.onceWrapper (node:events:630:28)\n    at Server.emit (node:events:509:28)\n    at emitCloseNT (node:net:2661:8)\n    at processTicksAndRejections (node:internal/process/task_queues:89:21)"],"meta":{},"tags":[]},{"ancestorTitles":["CORS does not weaken auth/RBAC"],"fullName":"CORS does not weaken auth/RBAC unknown origin + private endpoint still returns 401","status":"passed","title":"unknown origin + private endpoint still returns 401","duration":2.1344000000001415,"failureMessages":[],"meta":{},"tags":[]},{"ancestorTitles":["CORS does not weaken auth/RBAC"],"fullName":"CORS does not weaken auth/RBAC unknown origin + admin endpoint still returns 401","status":"passed","title":"unknown origin + admin endpoint still returns 401","duration":2.41170000000011,"failureMessages":[],"meta":{},"tags":[]},{"ancestorTitles":["CORS does not weaken auth/RBAC"],"fullName":"CORS does not weaken auth/RBAC allowed origin + no token still returns 401","status":"passed","title":"allowed origin + no token still returns 401","duration":2.0336999999999534,"failureMessages":[],"meta":{},"tags":[]}],"startTime":1788104805417,"endTime":1788104805628.0337,"status":"failed","message":"","name":"C:/Users/deept/Documents/ecommerce-project/mercury/src/__tests__/cors.test.ts"},{"assertionResults":[{"ancestorTitles":["database pool"],"fullName":"database pool createPool returns a Pool instance with configured max size","status":"passed","title":"createPool returns a Pool instance with configured max size","duration":53.933800000000005,"failureMessages":[],"meta":{},"tags":[]},{"ancestorTitles":["database pool"],"fullName":"database pool getPool throws if pool not initialized","status":"passed","title":"getPool throws if pool not initialized","duration":2.4158000000000186,"failureMessages":[],"meta":{},"tags"
[...]
products","duration":5.598999999999933,"failureMessages":[],"meta":{},"tags":[]},{"ancestorTitles":["Search does not affect existing catalog endpoints"],"fullName":"Search does not affect existing catalog endpoints GET /products/:slug still works","status":"passed","title":"GET /products/:slug still works","duration":4.432399999999916,"failureMessages":[],"meta":{},"tags":[]},{"ancestorTitles":["Search does not affect existing catalog endpoints"],"fullName":"Search does not affect existing catalog endpoints GET /categories still works","status":"passed","title":"GET /categories still works","duration":2.856800000000021,"failureMessages":[],"meta":{},"tags":[]},{"ancestorTitles":["Search does not affect existing catalog endpoints"],"fullName":"Search does not affect existing catalog endpoints GET /health still works","status":"passed","title":"GET /health still works","duration":2.363399999999956,"failureMessages":[],"meta":{},"tags":[]}],"startTime":1788104843411,"endTime":1788104843743.3633,"status":"passed","message":"","name":"C:/Users/deept/Documents/ecommerce-project/mercury/src/__tests__/search.test.ts"},{"assertionResults":[{"ancestorTitles":["POST /orders/:orderId/shipping"],"fullName":"POST /orders/:orderId/shipping returns 401 without authentication","status":"passed","title":"returns 401 without authentication","duration":4.101599999999962,"failureMessages":[],"meta":{},"tags":[]},{"ancestorTitles":["POST /orders/:orderId/shipping"],"fullName":"POST /orders/:orderId/shipping creates shipping information with all fields","status":"passed","title":"creates shipping information with all fields","duration":9.70049999999992,"failureMessages":[],"meta":{},"tags":[]},{"ancestorTitles":["POST /orders/:orderId/shipping"],"fullName":"POST /orders/:orderId/shipping rejects duplicate shipping creation","status":"passed","title":"rejects duplicate shipping creation","duration":5.97829999999999,"failureMessages":[],"meta":{},"tags":[]},{"ancestorTitles":["POST /orders/:orderId/shipping"],"fullName":"POST /orders/:orderId/shipping creates shipping with minimal required fields","status":"passed","title":"creates shipping with minimal required fields","duration":8.154299999999921,"failureMessages":[],"meta":{},"tags":[]},{"ancestorTitles":["POST /orders/:orderId/shipping"],"fullName":"POST /orders/:orderId/shipping returns 404 for unknown order","status":"passed","title":"returns 404 for unknown order","duration":3.8773999999998523,"failureMessages":[],"meta":{},"tags":[]},{"ancestorTitles":["POST /orders/:orderId/shipping"],"fullName":"POST /orders/:orderId/shipping returns 404 for another users order (no information leak)","status":"passed","title":"returns 404 for another users order (no information leak)","duration":3.9184999999999945,"failureMessages":[],"meta":{},"tags":[]},{"ancestorTitles":["POST /orders/:orderId/shipping"],"fullName":"POST /orders/:orderId/shipping rejects missing required fields","status":"passed","title":"rejects missing required fields","duration":3.386799999999994,"failureMessages":[],"meta":{},"tags":[]},{"ancestorTitles":["GET /orders/:orderId/shipping"],"fullName":"GET /orders/:orderId/shipping returns 401 without authentication","status":"passed","title":"returns 401 without authentication","duration":3.2292999999999665,"failureMessages":[],"meta":{},"tags":[]},{"ancestorTitles":["GET /orders/:orderId/shipping"],"fullName":"GET /orders/:orderId/shipping returns shipping for the own order","status":"passed","title":"returns shipping for the own order","duration":5.689899999999852,"failureMessages":[],"meta":{},"tags":[]},{"ancestorTitles":["GET /orders/:orderId/shipping"],"fullName":"GET /orders/:orderId/shipping returns 404 for another users shipping","status":"passed","title":"returns 404 for another users shipping","duration":3.5966000000000804,"failureMessages":[],"meta":{},"tags":[]},{"ancestorTitles":["GET /orders/:orderId/shipping"],"fullName":"GET /orders/:orderId/shipping returns 404 for a non-existent shipping record","status":"passed","title":"returns 404 for a non-existent shipping record","duration":3.0896999999999935,"failureMessages":[],"meta":{},"tags":[]},{"ancestorTitles":["PATCH /orders/:orderId/shipping"],"fullName":"PATCH /orders/:orderId/shipping returns 401 without authentication","status":"passed","title":"returns 401 without authentication","duration":2.124900000000025,"failureMessages":[],"meta":{},"tags":[]},{"ancestorTitles":["PATCH /orders/:orderId/shipping"],"fullName":"PATCH /orders/:orderId/shipping updates shipping information when still pending","status":"passed","title":"updates shipping information when still pending","duration":7.629899999999907,"failureMessages":[],"meta":{},"tags":[]},{"ancestorTitles":["PATCH /orders/:orderId/shipping"],"fullName":"PATCH /orders/:orderId/shipping returns 404 for another users shipping","status":"passed","title":"returns 404 for another users shipping","duration":3.344699999999875,"failureMessages":[],"meta":{},"tags":[]},{"ancestorTitles":["PATCH /orders/:orderId/shipping"],"fullName":"PATCH /orders/:orderId/shipping returns 404 for non-existent shipping","status":"passed","title":"returns 404 for non-existent shipping","duration":2.966699999999946,"failureMessages":[],"meta":{},"tags":[]},{"ancestorTitles":["PATCH /orders/:orderId/shipping"],"fullName":"PATCH /orders/:orderId/shipping rejects missing required fields on update","status":"passed","title":"rejects missing required fields on update","duration":3.06029999999987,"failureMessages":[],"meta":{},"tags":[]},{"ancestorTitles":["Shipping snapshot stability"],"fullName":"Shipping snapshot stability shipping data remains unchanged after user profile changes","status":"passed","title":"shipping data remains unchanged after user profile changes","duration":4.284900000000107,"failureMessages":[],"meta":{},"tags":[]},{"ancestorTitles":["Shipping does not affect other modules"],"fullName":"Shipping does not affect other modules GET /health still works","status":"passed","title":"GET /health still works","duration":2.1393000000000484,"failureMessages":[],"meta":{},"tags":[]},{"ancestorTitles":["Shipping does not affect other modules"],"fullName":"Shipping does not affect other modules existing orders endpoint still works","status":"passed","title":"existing orders endpoint still works","duration":3.185699999999997,"failureMessages":[],"meta":{},"tags":[]}],"startTime":1788104842114,"endTime":1788104842198.1858,"status":"passed","message":"","name":"C:/Users/deept/Documents/ecommerce-project/mercury/src/__tests__/shipping.test.ts"},{"assertionResults":[{"ancestorTitles":["Existing functionality remains intact"],"fullName":"Existing functionality remains intact health endpoint works","status":"skipped","title":"health endpoint works","failureMessages":[],"meta":{},"tags":[]},{"ancestorTitles":["Existing functionality remains intact"],"fullName":"Existing functionality remains intact register works","status":"skipped","title":"register works","failureMessages":[],"meta":{},"tags":[]},{"ancestorTitles":["Existing functionality remains intact"],"fullName":"Existing functionality remains intact login works","status":"skipped","title":"login works","failureMessages":[],"meta":{},"tags":[]},{"ancestorTitles":["Existing functionality remains intact"],"fullName":"Existing functionality remains intact public catalog still works","status":"skipped","title":"public catalog still works","failureMessages":[],"meta":{},"tags":[]},{"ancestorTitles":["Existing functionality remains intact"],"fullName":"Existing functionality remains intact wishlist add still works","status":"skipped","title":"wishlist add still works","failureMessages":[],"meta":{},"tags":[]},{"ancestorTitles":["Helmet security headers"],"fullName":"Helmet security headers adds X-Content-Type-Options header","status":"skipped","title":"adds X-Content-Type-Options header","failureMessages":[],"meta":{},"tags":[]},{"ancestorTitles":["Helmet security headers"],"fullName":"Helmet security headers adds X-Frame-Options header","status":"skipped","title":"adds X-Frame-Options header","failureMessages":[],"meta":{},"tags":[]},{"ancestorTitles":["Helmet security headers"],"fullName":"Helmet security headers adds X-XSS-Protection header","status":"skipped","title":"adds X-XSS-Protection header","failureMessages":[],"meta":{},"tags":[]},{"ancestorTitles":["Body size limit"],"fullName":"Body size limit rejects oversized request body","status":"skipped","title":"rejects oversized request body","failureMessages":[],"meta":{},"tags":[]},{"ancestorTitles":["Production config validation"],"fullName":"Production config validation validateProductionConfig passes in non-production env","status":"skipped","title":"validateProductionConfig passes in non-production env","failureMessages":[],"meta":{},"tags":[]},{"ancestorTitles":["Authorization regression"],"fullName":"Authorization regression unauthenticated access to admin returns 401","status":"skipped","title":"unauthenticated access to admin returns 401","failureMessages":[],"meta":{},"tags":[]},{"ancestorTitles":["Authorization regression"],"fullName":"Authorization regression non-admin user cannot access admin","status":"skipped","title":"non-admin user cannot access admin","failureMessages":[],"meta":{},"tags":[]},{"ancestorTitles":["Authorization regression"],"fullName":"Authorization regression admin can access admin","status":"skipped","title":"admin can access admin","failureMessages":[],"meta":{},"tags":[]},{"ancestorTitles":["Rate limiting"],"fullName":"Rate limiting rate limiter is a no-op in test mode (NODE_ENV=test)","status":"skipped","title":"rate limiter is a no-op in test mode (NODE_ENV=test)","failureMessages":[],"meta":{},"tags":[]},{"ancestorTitles":["Rate limiting"],"fullName":"Rate limiting rateLimit() factory returns middleware","status":"skipped","title":"rateLimit() factory returns middleware","failureMessages":[],"meta":{},"tags":[]}],"startTime":1788104800876,"endTime":1788104800876,"status":"failed","message":"expected 200 \"OK\", got 500 \"Internal Server Error\"","name":"C:/Users/deept/Documents/ecommerce-project/mercury/src/__tests__/stage-a.test.ts"},{"assertionResults":[{"ancestorTitles":["signAccessToken"],"fullName":"signAccessToken returns a JWT string for valid inputs","status":"passed","title":"returns a JWT string for valid inputs","duration":3.73660000000001,"failureMessages":[],"meta":{},"tags":[]},{"ancestorTitles":["signAccessToken"],"fullName":"signAccessToken includes email in the token payload","status":"passed","title":"includes email in the token payload","duration":0.5451999999999941,"failureMessages":[],"meta":{},"tags":[]},{"ancestorTitles":["signRefreshToken"],"fullName":"signRefreshToken returns a JWT string","status":"passed","title":"returns a JWT string","duration":0.39629999999999654,"failureMessages":[],"meta":{},"tags":[]},{"ancestorTitles":["signRefreshToken"],"fullName":"signRefreshToken does not include email in payload","status":"passed","title":"does not include email in payload","duration":0.3377999999999872,"failureMessages":[],"meta":{},"tags":[]},{"ancestorTitles":["verifyToken"],"fullName":"verifyToken returns payload for valid access token","status":"passed","title":"returns payload for valid access token","duration":0.6485999999999876,"failureMessages":[],"meta":{},"tags":[]},{"ancestorTitles":["verifyToken"],"fullName":"verifyToken returns payload for valid refresh token","status":"passed","title":"returns payload for valid refresh token","duration":0.2656999999999812,"failureMessages":[],"meta":{},"tags":[]},{"ancestorTitles":["verifyToken"],"fullName":"verifyToken throws on tampered token","status":"passed","title":"throws on tampered token","duration":0.7922000000000082,"failureMessages":[],"meta":{},"tags":[]},{"ancestorTitles":["verifyToken"],"fullName":"verifyToken throws on garbage string","status":"passed","title":"throws on garbage string","duration":0.1933999999999969,"failureMessages":[],"meta":{},"tags":[]},{"ancestorTitles":["verifyToken"],"fullName":"verifyToken throws on empty string","status":"passed","title":"throws on empty string","duration":0.17259999999998854,"failureMessages":[],"meta":{},"tags":[]},{"ancestorTitles":["verifyToken"],"fullName":"verifyToken throws on expired token","status":"passed","title":"throws on expired token","duration":0.4081000000000188,"failureMessages":[],"meta":{},"tags":[]},{"ancestorTitles":["verifyToken"],"fullName":"verifyToken throws when access token is used where refresh token is expected","status":"passed","title":"throws when access token is used where refresh token is expected","duration":0.2650000000000148,"failureMessages":[],"meta":{},"tags":[]},{"ancestorTitles":["verifyToken"],"fullName":"verifyToken throws when refresh token is used where access token is expected","status":"passed","title":"throws when refresh token is used where access token is expected","duration":0.3948999999999785,"failureMessages":[],"meta":{},"tags":[]},{"ancestorTitles":["verifyToken"],"fullName":"verifyToken accepts access token when no type restriction","status":"passed","title":"accepts access token when no type restriction","duration":0.2920000000000016,"failureMessages":[],"meta":{},"tags":[]},{"ancestorTitles":["verifyToken"],"fullName":"verifyToken accepts refresh token when type matches","status":"passed","title":"accepts refresh token when type matches","duration":0.17369999999999663,"failureMessages":[],"meta":{},"tags":[]}],"startTime":1788104852386,"endTime":1788104852395.1736,"status":"passed","message":"","name":"C:/Users/deept/Documents/ecommerce-project/mercury/src/__tests__/tokens.test.ts"},{"assertionResults":[{"ancestorTitles":["GET /wishlist"],"fullName":"GET /wishlist returns empty wishlist for a new user (11)","status":"passed","title":"returns empty wishlist for a new user (11)","duration":7.776599999999917,"failureMessages":[],"meta":{},"tags":[]},{"ancestorTitles":["GET /wishlist"],"fullName":"GET /wishlist returns 401 without authentication (1)","status":"passed","title":"returns 401 without authentication (1)","duration":3.34719999999993,"failureMessages":[],"meta":{},"tags":[]},{"ancestorTitles":["POST /wishlist"],"fullName":"POST /wishlist adds an active product to the wishlist (2)","status":"passed","title":"adds an active product to the wishlist (2)","duration":7.746799999999894,"failureMessages":[],"meta":{},"tags":[]},{"ancestorTitles":["POST /wishlist"],"fullName":"POST /wishlist duplicate addition returns the same item without duplicate row (3)","status":"passed","title":"duplicate addition returns the same item without duplicate row (3)","duration":10.983400000000074,"failureMessages":[],"meta":{},"tags":[]},{"ancestorTitles":["POST /wishlist"],"fullName":"POST /wishlist adds a second product to verify ordering (10)","status":"passed","title":"adds a second product to verify ordering (10)","duration":6.6780999999998585,"failureMessages":[],"meta":{},"tags":[]},{"ancestorTitles":["POST /wishlist"],"fullName":"POST /wishlist rejects adding a draft product (7)","status":"passed","title":"rejects adding a draft product (7)","duration":4.626800000000003,"failureMessages":[],"meta":{},"tags":[]},{"ancestorTitles":["POST /wishlist"],"fullName":"POST /wishlist rejects adding an archived product (7)","status":"passed","title":"rejects adding an archived product (7)","duration":4.767499999999927,"failureMessages":[],"meta":{},"tags":[]},{"ancestorTitles":["POST /wishlist"],"fullName":"POST /wishlist rejects adding a nonexistent product (7)","status":"passed","title":"rejects adding a nonexistent product (7)","duration":3.9049999999999727,"failureMessages":[],"meta":{},"tags":[]},{"ancestorTitles":["POST /wishlist"],"fullName":"POST /wishlist rejects missing productId (7)","status":"passed","title":"rejects missing productId (7)","duration":3.7941000000000713,"failureMessages":[],"meta":{},"tags":[]},{"ancestorTitles":["POST /wishlist"],"fullName":"POST /wishlist returns 401 without authentication (1)","status":"passed","title":"returns 401 without authentication (1)","duration":3.2315000000000964,"failureMessages":[],"meta":{},"tags":[]},{"ancestorTitles":["GET /wishlist with items"],"fullName":"GET /wishlist with items returns wishlist items in descending created_at order (10)","status":"passed","title":"returns wishlist items in descending created_at order (10)","duration":4.651599999999917,"failureMessages":[],"meta":{},"tags":[]},{"ancestorTitles":["GET /wishlist with items"],"fullName":"GET /wishlist with items includes price information (5, 6)","status":"passed","title":"includes price information (5, 6)","duration":10.62019999999984,"failureMessages":[],"meta":{},"tags":[]},{"ancestorTitles":["DELETE /wishlist/:productId"],"fullName":"DELETE /wishlist/:productId removes an item from the wishlist (8)","status":"passed","title":"removes an item from the wishlist (8)","duration":12.584800000000087,"failureMessages":[],"meta":{},"tags":[]},{"ancestorTitles":["DELETE /wishlist/:productId"],"fullName":"DELETE /wishlist/:productId returns 404 for non-existent item","status":"passed","title":"returns 404 for non-existent item","duration":3.9088000000001557,"failureMessages":[],"meta":{},"tags":[]},{"ancestorTitles":["DELETE /wishlist/:productId"],"fullName":"DELETE /wishlist/:productId returns 404 when trying to remove another user item (9)","status":"passed","title":"returns 404 when trying to remove another user item (9)","duration":4.182999999999993,"failureMessages":[],"meta":{},"tags":[]},{"ancestorTitles":["DELETE /wishlist/:productId"],"fullName":"DELETE /wishlist/:productId returns 401 without authentication (1)","status":"passed","title":"returns 401 without authentication (1)","duration":2.1572000000001026,"failureMessages":[],"meta":{},"tags":[]},{"ancestorTitles":["Ownership isolation"],"fullName":"Ownership isolation user2 cannot see user1 wishlist items (9)","status":"passed","title":"user2 cannot see user1 wishlist items (9)","duration":8.053299999999808,"failureMessages":[],"meta":{},"tags":[]},{"ancestorTitles":["Ownership isolation"],"fullName":"Ownership isolation user2 can add and see their own items independently","status":"passed","title":"user2 can add and see their own items independently","duration":14.350900000000138,"failureMessages":[],"meta":{},"tags":[]},{"ancestorTitles":["Concurrent duplicate insertion (12)"],"fullName":"Concurrent duplicate insertion (12) handles concurrent POST to the same product without duplicates","status":"passed","title":"handles concurrent POST to the same product without duplicates","duration":284.21569999999997,"failureMessages":[],"meta":{},"tags":[]},{"ancestorTitles":["Existing modules remain intact (13)"],"fullName":"Existing modules remain intact (13) GET /health still works","status":"passed","title":"GET /health still works","duration":2.084100000000035,"failureMessages":[],"meta":{},"tags":[]},{"ancestorTitles":["Existing modules remain intact (13)"],"fullName":"Existing modules remain intact (13) GET /products still returns active products","status":"passed","title":"GET /products still returns active products","duration":5.695799999999963,"failureMessages":[],"meta":{},"tags":[]},{"ancestorTitles":["Existing modules remain intact (13)"],"fullName":"Existing modules remain intact (13) GET /products/search still works","status":"passed","title":"GET /products/search still works","duration":5.1358000000000175,"failureMessages":[],"meta":{},"tags":[]},{"ancestorTitles":["Existing modules remain intact (13)"],"fullName":"Existing modules remain intact (13) POST /auth/login still works","status":"passed","title":"POST /auth/login still works","duration":259.85249999999996,"failureMessages":[],"meta":{},"tags":[]}],"startTime":1788104824435,"endTime":1788104825109.8525,"status":"passed","message":"","name":"C:/Users/deept/Documents/ecommerce-project/mercury/src/__tests__/wishlist.test.ts"}]}